This file contains any messages produced by compilers while
running configure, to aid debugging if configure makes a mistake.

It was created by dummy configure 0, which was
generated by GNU Autoconf 2.71.  Invocation command line was

  $ /Users/sedwards/source/Personal/libargp/src/configure CC=/usr/bin/gcc CFLAGS= --disable-maintainer-mode

## --------- ##
## Platform. ##
## --------- ##

hostname = SEDWARDS-M-73M9
uname -m = arm64
uname -r = 23.6.0
uname -s = Darwin
uname -v = Darwin Kernel Version 23.6.0: Mon Jul 29 21:14:30 PDT 2024; root:xnu-10063.141.2~1/RELEASE_ARM64_T6000

/usr/bin/uname -p = arm
/bin/uname -X     = unknown

/bin/arch              = unknown
/usr/bin/arch -k       = unknown
/usr/convex/getsysinfo = unknown
/usr/bin/hostinfo      = Mach kernel version:
	 Darwin Kernel Version 23.6.0: Mon Jul 29 21:14:30 PDT 2024; root:xnu-10063.141.2~1/RELEASE_ARM64_T6000
Kernel configured for up to 10 processors.
10 processors are physically available.
10 processors are logically available.
Processor type: arm64e (ARM64E)
Processors active: 0 1 2 3 4 5 6 7 8 9
Primary memory available: 16.00 gigabytes
Default processor set: 781 tasks, 3628 threads, 10 processors
Load average: 3.64, Mach factor: 6.35
/bin/machine           = unknown
/usr/bin/oslevel       = unknown
/bin/universe          = unknown

PATH: /opt/homebrew/opt/e2fsprogs/sbin/
PATH: /opt/homebrew/opt/e2fsprogs/bin/
PATH: /opt/local/bin/
PATH: /opt/local/sbin/
PATH: /Library/Frameworks/Python.framework/Versions/3.12/bin/
PATH: /usr/local/bin/
PATH: /System/Cryptexes/App/usr/bin/
PATH: /usr/bin/
PATH: /bin/
PATH: /usr/sbin/
PATH: /sbin/
PATH: /var/run/com.apple.security.cryptexd/codex.system/bootstrap/usr/local/bin/
PATH: /var/run/com.apple.security.cryptexd/codex.system/bootstrap/usr/bin/
PATH: /var/run/com.apple.security.cryptexd/codex.system/bootstrap/usr/appleinternal/bin/
PATH: /opt/X11/bin/
PATH: /Library/Apple/usr/bin/
PATH: /usr/local/go/bin/
PATH: /opt/homebrew/bin/


## ----------- ##
## Core tests. ##
## ----------- ##

configure:3936: looking for aux files: ltmain.sh config.guess config.sub compile missing install-sh
configure:3949:  trying /Users/sedwards/source/Personal/libargp/src/build-aux/
configure:3978:   /Users/sedwards/source/Personal/libargp/src/build-aux/ltmain.sh found
configure:3978:   /Users/sedwards/source/Personal/libargp/src/build-aux/config.guess found
configure:3978:   /Users/sedwards/source/Personal/libargp/src/build-aux/config.sub found
configure:3978:   /Users/sedwards/source/Personal/libargp/src/build-aux/compile found
configure:3978:   /Users/sedwards/source/Personal/libargp/src/build-aux/missing found
configure:3960:   /Users/sedwards/source/Personal/libargp/src/build-aux/install-sh found
configure:4108: checking for a BSD-compatible install
configure:4181: result: /usr/bin/install -c
configure:4192: checking whether build environment is sane
configure:4247: result: yes
configure:4406: checking for a race-free mkdir -p
configure:4450: result: /opt/homebrew/bin/gmkdir -p
configure:4457: checking for gawk
configure:4478: found /opt/homebrew/bin/gawk
configure:4489: result: gawk
configure:4500: checking whether make sets $(MAKE)
configure:4523: result: yes
configure:4553: checking whether make supports nested variables
configure:4571: result: yes
configure:4708: checking whether to enable maintainer-specific portions of Makefiles
configure:4718: result: no
configure:4797: checking for gcc
configure:4829: result: /usr/bin/gcc
configure:5182: checking for C compiler version
configure:5191: /usr/bin/gcc --version >&5
Apple clang version 15.0.0 (clang-1500.3.9.4)
Target: arm64-apple-darwin23.6.0
Thread model: posix
InstalledDir: /Applications/Xcode.app/Contents/Developer/Toolchains/XcodeDefault.xctoolchain/usr/bin
configure:5202: $? = 0
configure:5191: /usr/bin/gcc -v >&5
Apple clang version 15.0.0 (clang-1500.3.9.4)
Target: arm64-apple-darwin23.6.0
Thread model: posix
InstalledDir: /Applications/Xcode.app/Contents/Developer/Toolchains/XcodeDefault.xctoolchain/usr/bin
configure:5202: $? = 0
configure:5191: /usr/bin/gcc -V >&5
clang: error: argument to '-V' is missing (expected 1 value)
clang: error: no input files
configure:5202: $? = 1
configure:5191: /usr/bin/gcc -qversion >&5
clang: error: unknown argument '-qversion'; did you mean '--version'?
clang: error: no input files
configure:5202: $? = 1
configure:5191: /usr/bin/gcc -version >&5
clang: error: unknown argument '-version'; did you mean '--version'?
clang: error: no input files
configure:5202: $? = 1
configure:5222: checking whether the C compiler works
configure:5244: /usr/bin/gcc  -I/opt/homebrew/opt/ruby/include -L/opt/homebrew/opt/ruby/lib conftest.c  >&5
configure:5248: $? = 0
configure:5298: result: yes
configure:5301: checking for C compiler default output file name
configure:5303: result: a.out
configure:5309: checking for suffix of executables
configure:5316: /usr/bin/gcc -o conftest  -I/opt/homebrew/opt/ruby/include -L/opt/homebrew/opt/ruby/lib conftest.c  >&5
configure:5320: $? = 0
configure:5343: result: 
configure:5365: checking whether we are cross compiling
configure:5373: /usr/bin/gcc -o conftest  -I/opt/homebrew/opt/ruby/include -L/opt/homebrew/opt/ruby/lib conftest.c  >&5
configure:5377: $? = 0
configure:5384: ./conftest
configure:5388: $? = 0
configure:5403: result: no
configure:5408: checking for suffix of object files
configure:5431: /usr/bin/gcc -c  -I/opt/homebrew/opt/ruby/include conftest.c >&5
configure:5435: $? = 0
configure:5457: result: o
configure:5461: checking whether the compiler supports GNU C
configure:5481: /usr/bin/gcc -c  -I/opt/homebrew/opt/ruby/include conftest.c >&5
configure:5481: $? = 0
configure:5491: result: yes
configure:5502: checking whether /usr/bin/gcc accepts -g
configure:5523: /usr/bin/gcc -c -g -I/opt/homebrew/opt/ruby/include conftest.c >&5
configure:5523: $? = 0
configure:5567: result: yes
configure:5587: checking for /usr/bin/gcc option to enable C11 features
configure:5602: /usr/bin/gcc  -c  -I/opt/homebrew/opt/ruby/include conftest.c >&5
configure:5602: $? = 0
configure:5620: result: none needed
configure:5736: checking whether /usr/bin/gcc understands -c and -o together
configure:5759: /usr/bin/gcc -c conftest.c -o conftest2.o
configure:5762: $? = 0
configure:5759: /usr/bin/gcc -c conftest.c -o conftest2.o
configure:5762: $? = 0
configure:5774: result: yes
configure:5792: checking whether the compiler is clang
configure:5814: /usr/bin/gcc -c  -I/opt/homebrew/opt/ruby/include conftest.c >&5
conftest.c:13:12: error: unknown type name 'barfbarf'
           barfbarf
           ^
1 error generated.
configure:5814: $? = 1
configure: failed program was:
| /* confdefs.h */
| #define PACKAGE_NAME "dummy"
| #define PACKAGE_TARNAME "dummy"
| #define PACKAGE_VERSION "0"
| #define PACKAGE_STRING "dummy 0"
| #define PACKAGE_BUGREPORT ""
| #define PACKAGE_URL ""
| #define PACKAGE "dummy"
| #define VERSION "0"
| /* end confdefs.h.  */
| 
|            #ifdef __clang__
|            barfbarf
|            #endif
| 
| int
| main (void)
| {
| 
|   ;
|   return 0;
| }
| 
configure:5823: result: yes
configure:5827: checking for compiler option needed when checking for declarations
configure:5847: /usr/bin/gcc -c  -I/opt/homebrew/opt/ruby/include conftest.c >&5 -Werror=implicit-function-declaration
configure:5847: $? = 0
configure:5860: result: -Werror=implicit-function-declaration
configure:5872: checking whether make supports the include directive
configure:5887: make -f confmf.GNU && cat confinc.out
this is the am__doit target
configure:5890: $? = 0
configure:5909: result: yes (GNU style)
configure:5935: checking dependency style of /usr/bin/gcc
configure:6047: result: gcc3
configure:6063: checking whether make sets $(MAKE)
configure:6086: result: yes
configure:6103: checking build system type
configure:6118: result: aarch64-apple-darwin23.6.0
configure:6138: checking host system type
configure:6152: result: aarch64-apple-darwin23.6.0
configure:6180: checking for stdio.h
configure:6180: /usr/bin/gcc -c  -I/opt/homebrew/opt/ruby/include conftest.c >&5
configure:6180: $? = 0
configure:6180: result: yes
configure:6180: checking for stdlib.h
configure:6180: /usr/bin/gcc -c  -I/opt/homebrew/opt/ruby/include conftest.c >&5
configure:6180: $? = 0
configure:6180: result: yes
configure:6180: checking for string.h
configure:6180: /usr/bin/gcc -c  -I/opt/homebrew/opt/ruby/include conftest.c >&5
configure:6180: $? = 0
configure:6180: result: yes
configure:6180: checking for inttypes.h
configure:6180: /usr/bin/gcc -c  -I/opt/homebrew/opt/ruby/include conftest.c >&5
configure:6180: $? = 0
configure:6180: result: yes
configure:6180: checking for stdint.h
configure:6180: /usr/bin/gcc -c  -I/opt/homebrew/opt/ruby/include conftest.c >&5
configure:6180: $? = 0
configure:6180: result: yes
configure:6180: checking for strings.h
configure:6180: /usr/bin/gcc -c  -I/opt/homebrew/opt/ruby/include conftest.c >&5
configure:6180: $? = 0
configure:6180: result: yes
configure:6180: checking for sys/stat.h
configure:6180: /usr/bin/gcc -c  -I/opt/homebrew/opt/ruby/include conftest.c >&5
configure:6180: $? = 0
configure:6180: result: yes
configure:6180: checking for sys/types.h
configure:6180: /usr/bin/gcc -c  -I/opt/homebrew/opt/ruby/include conftest.c >&5
configure:6180: $? = 0
configure:6180: result: yes
configure:6180: checking for unistd.h
configure:6180: /usr/bin/gcc -c  -I/opt/homebrew/opt/ruby/include conftest.c >&5
configure:6180: $? = 0
configure:6180: result: yes
configure:6180: checking for wchar.h
configure:6180: /usr/bin/gcc -c  -I/opt/homebrew/opt/ruby/include conftest.c >&5
configure:6180: $? = 0
configure:6180: result: yes
configure:6180: checking for minix/config.h
configure:6180: /usr/bin/gcc -c  -I/opt/homebrew/opt/ruby/include conftest.c >&5
conftest.c:49:10: fatal error: 'minix/config.h' file not found
#include <minix/config.h>
         ^~~~~~~~~~~~~~~~
1 error generated.
configure:6180: $? = 1
configure: failed program was:
| /* confdefs.h */
| #define PACKAGE_NAME "dummy"
| #define PACKAGE_TARNAME "dummy"
| #define PACKAGE_VERSION "0"
| #define PACKAGE_STRING "dummy 0"
| #define PACKAGE_BUGREPORT ""
| #define PACKAGE_URL ""
| #define PACKAGE "dummy"
| #define VERSION "0"
| #define HAVE_STDIO_H 1
| #define HAVE_STDLIB_H 1
| #define HAVE_STRING_H 1
| #define HAVE_INTTYPES_H 1
| #define HAVE_STDINT_H 1
| #define HAVE_STRINGS_H 1
| #define HAVE_SYS_STAT_H 1
| #define HAVE_SYS_TYPES_H 1
| #define HAVE_UNISTD_H 1
| #define HAVE_WCHAR_H 1
| /* end confdefs.h.  */
| #include <stddef.h>
| #ifdef HAVE_STDIO_H
| # include <stdio.h>
| #endif
| #ifdef HAVE_STDLIB_H
| # include <stdlib.h>
| #endif
| #ifdef HAVE_STRING_H
| # include <string.h>
| #endif
| #ifdef HAVE_INTTYPES_H
| # include <inttypes.h>
| #endif
| #ifdef HAVE_STDINT_H
| # include <stdint.h>
| #endif
| #ifdef HAVE_STRINGS_H
| # include <strings.h>
| #endif
| #ifdef HAVE_SYS_TYPES_H
| # include <sys/types.h>
| #endif
| #ifdef HAVE_SYS_STAT_H
| # include <sys/stat.h>
| #endif
| #ifdef HAVE_UNISTD_H
| # include <unistd.h>
| #endif
| #include <minix/config.h>
configure:6180: result: no
configure:6180: checking for features.h
configure:6180: /usr/bin/gcc -c  -I/opt/homebrew/opt/ruby/include conftest.c >&5
conftest.c:49:10: fatal error: 'features.h' file not found
#include <features.h>
         ^~~~~~~~~~~~
1 error generated.
configure:6180: $? = 1
configure: failed program was:
| /* confdefs.h */
| #define PACKAGE_NAME "dummy"
| #define PACKAGE_TARNAME "dummy"
| #define PACKAGE_VERSION "0"
| #define PACKAGE_STRING "dummy 0"
| #define PACKAGE_BUGREPORT ""
| #define PACKAGE_URL ""
| #define PACKAGE "dummy"
| #define VERSION "0"
| #define HAVE_STDIO_H 1
| #define HAVE_STDLIB_H 1
| #define HAVE_STRING_H 1
| #define HAVE_INTTYPES_H 1
| #define HAVE_STDINT_H 1
| #define HAVE_STRINGS_H 1
| #define HAVE_SYS_STAT_H 1
| #define HAVE_SYS_TYPES_H 1
| #define HAVE_UNISTD_H 1
| #define HAVE_WCHAR_H 1
| /* end confdefs.h.  */
| #include <stddef.h>
| #ifdef HAVE_STDIO_H
| # include <stdio.h>
| #endif
| #ifdef HAVE_STDLIB_H
| # include <stdlib.h>
| #endif
| #ifdef HAVE_STRING_H
| # include <string.h>
| #endif
| #ifdef HAVE_INTTYPES_H
| # include <inttypes.h>
| #endif
| #ifdef HAVE_STDINT_H
| # include <stdint.h>
| #endif
| #ifdef HAVE_STRINGS_H
| # include <strings.h>
| #endif
| #ifdef HAVE_SYS_TYPES_H
| # include <sys/types.h>
| #endif
| #ifdef HAVE_SYS_STAT_H
| # include <sys/stat.h>
| #endif
| #ifdef HAVE_UNISTD_H
| # include <unistd.h>
| #endif
| #include <features.h>
configure:6180: result: no
configure:6180: checking for linewrap.h
configure:6180: /usr/bin/gcc -c  -I/opt/homebrew/opt/ruby/include conftest.c >&5
conftest.c:49:10: fatal error: 'linewrap.h' file not found
#include <linewrap.h>
         ^~~~~~~~~~~~
1 error generated.
configure:6180: $? = 1
configure: failed program was:
| /* confdefs.h */
| #define PACKAGE_NAME "dummy"
| #define PACKAGE_TARNAME "dummy"
| #define PACKAGE_VERSION "0"
| #define PACKAGE_STRING "dummy 0"
| #define PACKAGE_BUGREPORT ""
| #define PACKAGE_URL ""
| #define PACKAGE "dummy"
| #define VERSION "0"
| #define HAVE_STDIO_H 1
| #define HAVE_STDLIB_H 1
| #define HAVE_STRING_H 1
| #define HAVE_INTTYPES_H 1
| #define HAVE_STDINT_H 1
| #define HAVE_STRINGS_H 1
| #define HAVE_SYS_STAT_H 1
| #define HAVE_SYS_TYPES_H 1
| #define HAVE_UNISTD_H 1
| #define HAVE_WCHAR_H 1
| /* end confdefs.h.  */
| #include <stddef.h>
| #ifdef HAVE_STDIO_H
| # include <stdio.h>
| #endif
| #ifdef HAVE_STDLIB_H
| # include <stdlib.h>
| #endif
| #ifdef HAVE_STRING_H
| # include <string.h>
| #endif
| #ifdef HAVE_INTTYPES_H
| # include <inttypes.h>
| #endif
| #ifdef HAVE_STDINT_H
| # include <stdint.h>
| #endif
| #ifdef HAVE_STRINGS_H
| # include <strings.h>
| #endif
| #ifdef HAVE_SYS_TYPES_H
| # include <sys/types.h>
| #endif
| #ifdef HAVE_SYS_STAT_H
| # include <sys/stat.h>
| #endif
| #ifdef HAVE_UNISTD_H
| # include <unistd.h>
| #endif
| #include <linewrap.h>
configure:6180: result: no
configure:6180: checking for getopt.h
configure:6180: /usr/bin/gcc -c  -I/opt/homebrew/opt/ruby/include conftest.c >&5
configure:6180: $? = 0
configure:6180: result: yes
configure:6180: checking for sys/cdefs.h
configure:6180: /usr/bin/gcc -c  -I/opt/homebrew/opt/ruby/include conftest.c >&5
configure:6180: $? = 0
configure:6180: result: yes
configure:6180: checking for limits.h
configure:6180: /usr/bin/gcc -c  -I/opt/homebrew/opt/ruby/include conftest.c >&5
configure:6180: $? = 0
configure:6180: result: yes
configure:6180: checking for sys/mman.h
configure:6180: /usr/bin/gcc -c  -I/opt/homebrew/opt/ruby/include conftest.c >&5
configure:6180: $? = 0
configure:6180: result: yes
configure:6180: checking for stdbool.h
configure:6180: /usr/bin/gcc -c  -I/opt/homebrew/opt/ruby/include conftest.c >&5
configure:6180: $? = 0
configure:6180: result: yes
configure:6180: checking for sys/socket.h
configure:6180: /usr/bin/gcc -c  -I/opt/homebrew/opt/ruby/include conftest.c >&5
configure:6180: $? = 0
configure:6180: result: yes
configure:6180: checking for sysexits.h
configure:6180: /usr/bin/gcc -c  -I/opt/homebrew/opt/ruby/include conftest.c >&5
configure:6180: $? = 0
configure:6180: result: yes
configure:6180: checking for crtdefs.h
configure:6180: /usr/bin/gcc -c  -I/opt/homebrew/opt/ruby/include conftest.c >&5
conftest.c:56:10: fatal error: 'crtdefs.h' file not found
#include <crtdefs.h>
         ^~~~~~~~~~~
1 error generated.
configure:6180: $? = 1
configure: failed program was:
| /* confdefs.h */
| #define PACKAGE_NAME "dummy"
| #define PACKAGE_TARNAME "dummy"
| #define PACKAGE_VERSION "0"
| #define PACKAGE_STRING "dummy 0"
| #define PACKAGE_BUGREPORT ""
| #define PACKAGE_URL ""
| #define PACKAGE "dummy"
| #define VERSION "0"
| #define HAVE_STDIO_H 1
| #define HAVE_STDLIB_H 1
| #define HAVE_STRING_H 1
| #define HAVE_INTTYPES_H 1
| #define HAVE_STDINT_H 1
| #define HAVE_STRINGS_H 1
| #define HAVE_SYS_STAT_H 1
| #define HAVE_SYS_TYPES_H 1
| #define HAVE_UNISTD_H 1
| #define HAVE_WCHAR_H 1
| #define HAVE_GETOPT_H 1
| #define HAVE_SYS_CDEFS_H 1
| #define HAVE_LIMITS_H 1
| #define HAVE_SYS_MMAN_H 1
| #define HAVE_STDBOOL_H 1
| #define HAVE_SYS_SOCKET_H 1
| #define HAVE_SYSEXITS_H 1
| /* end confdefs.h.  */
| #include <stddef.h>
| #ifdef HAVE_STDIO_H
| # include <stdio.h>
| #endif
| #ifdef HAVE_STDLIB_H
| # include <stdlib.h>
| #endif
| #ifdef HAVE_STRING_H
| # include <string.h>
| #endif
| #ifdef HAVE_INTTYPES_H
| # include <inttypes.h>
| #endif
| #ifdef HAVE_STDINT_H
| # include <stdint.h>
| #endif
| #ifdef HAVE_STRINGS_H
| # include <strings.h>
| #endif
| #ifdef HAVE_SYS_TYPES_H
| # include <sys/types.h>
| #endif
| #ifdef HAVE_SYS_STAT_H
| # include <sys/stat.h>
| #endif
| #ifdef HAVE_UNISTD_H
| # include <unistd.h>
| #endif
| #include <crtdefs.h>
configure:6180: result: no
configure:6211: checking whether it is safe to define __EXTENSIONS__
configure:6230: /usr/bin/gcc -c  -I/opt/homebrew/opt/ruby/include conftest.c >&5
configure:6230: $? = 0
configure:6238: result: yes
configure:6241: checking whether _XOPEN_SOURCE should be defined
configure:6263: /usr/bin/gcc -c  -I/opt/homebrew/opt/ruby/include conftest.c >&5
configure:6263: $? = 0
configure:6290: result: no
configure:6365: checking how to run the C preprocessor
configure:6391: /usr/bin/gcc -E -I/opt/homebrew/opt/ruby/include conftest.c
configure:6391: $? = 0
configure:6406: /usr/bin/gcc -E -I/opt/homebrew/opt/ruby/include conftest.c
conftest.c:46:10: fatal error: 'ac_nonexistent.h' file not found
#include <ac_nonexistent.h>
         ^~~~~~~~~~~~~~~~~~
1 error generated.
configure:6406: $? = 1
configure: failed program was:
| /* confdefs.h */
| #define PACKAGE_NAME "dummy"
| #define PACKAGE_TARNAME "dummy"
| #define PACKAGE_VERSION "0"
| #define PACKAGE_STRING "dummy 0"
| #define PACKAGE_BUGREPORT ""
| #define PACKAGE_URL ""
| #define PACKAGE "dummy"
| #define VERSION "0"
| #define HAVE_STDIO_H 1
| #define HAVE_STDLIB_H 1
| #define HAVE_STRING_H 1
| #define HAVE_INTTYPES_H 1
| #define HAVE_STDINT_H 1
| #define HAVE_STRINGS_H 1
| #define HAVE_SYS_STAT_H 1
| #define HAVE_SYS_TYPES_H 1
| #define HAVE_UNISTD_H 1
| #define HAVE_WCHAR_H 1
| #define HAVE_GETOPT_H 1
| #define HAVE_SYS_CDEFS_H 1
| #define HAVE_LIMITS_H 1
| #define HAVE_SYS_MMAN_H 1
| #define HAVE_STDBOOL_H 1
| #define HAVE_SYS_SOCKET_H 1
| #define HAVE_SYSEXITS_H 1
| #define STDC_HEADERS 1
| #define _ALL_SOURCE 1
| #define _DARWIN_C_SOURCE 1
| #define _GNU_SOURCE 1
| #define _HPUX_ALT_XOPEN_SOCKET_API 1
| #define _NETBSD_SOURCE 1
| #define _OPENBSD_SOURCE 1
| #define _POSIX_PTHREAD_SEMANTICS 1
| #define __STDC_WANT_IEC_60559_ATTRIBS_EXT__ 1
| #define __STDC_WANT_IEC_60559_BFP_EXT__ 1
| #define __STDC_WANT_IEC_60559_DFP_EXT__ 1
| #define __STDC_WANT_IEC_60559_EXT__ 1
| #define __STDC_WANT_IEC_60559_FUNCS_EXT__ 1
| #define __STDC_WANT_IEC_60559_TYPES_EXT__ 1
| #define __STDC_WANT_LIB_EXT2__ 1
| #define __STDC_WANT_MATH_SPEC_FUNCS__ 1
| #define _TANDEM_SOURCE 1
| #define __EXTENSIONS__ 1
| /* end confdefs.h.  */
| #include <ac_nonexistent.h>
configure:6433: result: /usr/bin/gcc -E
configure:6447: /usr/bin/gcc -E -I/opt/homebrew/opt/ruby/include conftest.c
configure:6447: $? = 0
configure:6462: /usr/bin/gcc -E -I/opt/homebrew/opt/ruby/include conftest.c
conftest.c:46:10: fatal error: 'ac_nonexistent.h' file not found
#include <ac_nonexistent.h>
         ^~~~~~~~~~~~~~~~~~
1 error generated.
configure:6462: $? = 1
configure: failed program was:
| /* confdefs.h */
| #define PACKAGE_NAME "dummy"
| #define PACKAGE_TARNAME "dummy"
| #define PACKAGE_VERSION "0"
| #define PACKAGE_STRING "dummy 0"
| #define PACKAGE_BUGREPORT ""
| #define PACKAGE_URL ""
| #define PACKAGE "dummy"
| #define VERSION "0"
| #define HAVE_STDIO_H 1
| #define HAVE_STDLIB_H 1
| #define HAVE_STRING_H 1
| #define HAVE_INTTYPES_H 1
| #define HAVE_STDINT_H 1
| #define HAVE_STRINGS_H 1
| #define HAVE_SYS_STAT_H 1
| #define HAVE_SYS_TYPES_H 1
| #define HAVE_UNISTD_H 1
| #define HAVE_WCHAR_H 1
| #define HAVE_GETOPT_H 1
| #define HAVE_SYS_CDEFS_H 1
| #define HAVE_LIMITS_H 1
| #define HAVE_SYS_MMAN_H 1
| #define HAVE_STDBOOL_H 1
| #define HAVE_SYS_SOCKET_H 1
| #define HAVE_SYSEXITS_H 1
| #define STDC_HEADERS 1
| #define _ALL_SOURCE 1
| #define _DARWIN_C_SOURCE 1
| #define _GNU_SOURCE 1
| #define _HPUX_ALT_XOPEN_SOCKET_API 1
| #define _NETBSD_SOURCE 1
| #define _OPENBSD_SOURCE 1
| #define _POSIX_PTHREAD_SEMANTICS 1
| #define __STDC_WANT_IEC_60559_ATTRIBS_EXT__ 1
| #define __STDC_WANT_IEC_60559_BFP_EXT__ 1
| #define __STDC_WANT_IEC_60559_DFP_EXT__ 1
| #define __STDC_WANT_IEC_60559_EXT__ 1
| #define __STDC_WANT_IEC_60559_FUNCS_EXT__ 1
| #define __STDC_WANT_IEC_60559_TYPES_EXT__ 1
| #define __STDC_WANT_LIB_EXT2__ 1
| #define __STDC_WANT_MATH_SPEC_FUNCS__ 1
| #define _TANDEM_SOURCE 1
| #define __EXTENSIONS__ 1
| /* end confdefs.h.  */
| #include <ac_nonexistent.h>
configure:6493: checking for grep that handles long lines and -e
configure:6557: result: /usr/bin/grep
configure:6562: checking for egrep
configure:6630: result: /usr/bin/grep -E
configure:6638: checking for Minix Amsterdam compiler
configure:6664: result: no
configure:6726: checking for ar
configure:6747: found /usr/bin/ar
configure:6758: result: ar
configure:6838: checking for ranlib
configure:6859: found /usr/bin/ranlib
configure:6870: result: ranlib
configure:6949: checking how to print strings
configure:6976: result: printf
configure:6997: checking for a sed that does not truncate output
configure:7067: result: /opt/homebrew/bin/gsed
configure:7085: checking for fgrep
configure:7153: result: /usr/bin/grep -F
configure:7189: checking for ld used by /usr/bin/gcc
configure:7257: result: /Applications/Xcode.app/Contents/Developer/Toolchains/XcodeDefault.xctoolchain/usr/bin/ld
configure:7264: checking if the linker (/Applications/Xcode.app/Contents/Developer/Toolchains/XcodeDefault.xctoolchain/usr/bin/ld) is GNU ld
configure:7280: result: no
configure:7292: checking for BSD- or MS-compatible name lister (nm)
configure:7347: result: /usr/bin/nm -B
configure:7487: checking the name lister (/usr/bin/nm -B) interface
configure:7495: /usr/bin/gcc -c  -I/opt/homebrew/opt/ruby/include conftest.c >&5
configure:7498: /usr/bin/nm -B "conftest.o"
configure:7501: output
0000000000000000 S _some_variable
0000000000000000 t ltmp0
0000000000000000 s ltmp1
configure:7508: result: BSD nm
configure:7511: checking whether ln -s works
configure:7515: result: yes
configure:7523: checking the maximum length of command line arguments
configure:7660: result: 786432
configure:7708: checking how to convert aarch64-apple-darwin23.6.0 file names to aarch64-apple-darwin23.6.0 format
configure:7749: result: func_convert_file_noop
configure:7756: checking how to convert aarch64-apple-darwin23.6.0 file names to toolchain format
configure:7777: result: func_convert_file_noop
configure:7784: checking for /Applications/Xcode.app/Contents/Developer/Toolchains/XcodeDefault.xctoolchain/usr/bin/ld option to reload object files
configure:7792: result: -r
configure:7871: checking for file
configure:7892: found /usr/bin/file
configure:7903: result: file
configure:7979: checking for objdump
configure:8000: found /usr/bin/objdump
configure:8011: result: objdump
configure:8040: checking how to recognize dependent libraries
configure:8241: result: pass_all
configure:8331: checking for dlltool
configure:8352: found /opt/local/bin/dlltool
configure:8363: result: dlltool
configure:8393: checking how to associate runtime and link libraries
configure:8421: result: printf %s\n
configure:8571: checking for archiver @FILE support
configure:8589: /usr/bin/gcc -c  -I/opt/homebrew/opt/ruby/include conftest.c >&5
configure:8589: $? = 0
configure:8593: ar cr libconftest.a @conftest.lst >&5
ar: @conftest.lst: No such file or directory
configure:8596: $? = 1
configure:8616: result: no
configure:8679: checking for strip
configure:8700: found /usr/bin/strip
configure:8711: result: strip
configure:8788: checking for ranlib
configure:8820: result: ranlib
configure:8922: checking command to parse /usr/bin/nm -B output from /usr/bin/gcc object
configure:9076: /usr/bin/gcc -c  -I/opt/homebrew/opt/ruby/include conftest.c >&5
configure:9079: $? = 0
configure:9083: /usr/bin/nm -B conftest.o \| /opt/homebrew/bin/gsed -n -e 's/^.*[ ]\([ABCDGIRSTW][ABCDGIRSTW]*\)[ ][ ]*\([_A-Za-z][_A-Za-z0-9]*\)$/\1 \2 \2/p' | /opt/homebrew/bin/gsed '/ __gnu_lto/d' \> conftest.nm
configure:9086: $? = 0
cannot find nm_test_var in conftest.nm
configure:9076: /usr/bin/gcc -c  -I/opt/homebrew/opt/ruby/include conftest.c >&5
configure:9079: $? = 0
configure:9083: /usr/bin/nm -B conftest.o \| /opt/homebrew/bin/gsed -n -e 's/^.*[ ]\([ABCDGIRSTW][ABCDGIRSTW]*\)[ ][ ]*_\([_A-Za-z][_A-Za-z0-9]*\)$/\1 _\2 \2/p' | /opt/homebrew/bin/gsed '/ __gnu_lto/d' \> conftest.nm
configure:9086: $? = 0
configure:9152: /usr/bin/gcc -o conftest  -I/opt/homebrew/opt/ruby/include -L/opt/homebrew/opt/ruby/lib conftest.c conftstm.o >&5
configure:9155: $? = 0
configure:9193: result: ok
configure:9240: checking for sysroot
configure:9271: result: no
configure:9278: checking for a working dd
configure:9322: result: /bin/dd
configure:9326: checking how to truncate binary pipes
configure:9342: result: /bin/dd bs=4096 count=1
configure:9679: checking for mt
configure:9714: result: no
configure:9734: checking if : is a manifest tool
configure:9741: : '-?'
configure:9749: result: no
configure:9810: checking for dsymutil
configure:9831: found /usr/bin/dsymutil
configure:9842: result: dsymutil
configure:9912: checking for nmedit
configure:9933: found /usr/bin/nmedit
configure:9944: result: nmedit
configure:10014: checking for lipo
configure:10035: found /usr/bin/lipo
configure:10046: result: lipo
configure:10116: checking for otool
configure:10137: found /usr/bin/otool
configure:10148: result: otool
configure:10218: checking for otool64
configure:10253: result: no
configure:10298: checking for -single_module linker flag
/usr/bin/gcc  -L/opt/homebrew/opt/ruby/lib -o libconftest.dylib -dynamiclib -Wl,-single_module conftest.c
ld: warning: -single_module is obsolete
configure:10332: result: no
configure:10335: checking for -exported_symbols_list linker flag
configure:10356: /usr/bin/gcc -o conftest  -I/opt/homebrew/opt/ruby/include -L/opt/homebrew/opt/ruby/lib -Wl,-exported_symbols_list,conftest.sym conftest.c  >&5
configure:10356: $? = 0
configure:10367: result: yes
configure:10370: checking for -force_load linker flag
/usr/bin/gcc  -c -o conftest.o conftest.c
ar cr libconftest.a conftest.o
ranlib libconftest.a
/usr/bin/gcc  -L/opt/homebrew/opt/ruby/lib -o conftest conftest.c -Wl,-force_load,./libconftest.a
configure:10403: result: yes
configure:10470: checking for dlfcn.h
configure:10470: /usr/bin/gcc -c  -I/opt/homebrew/opt/ruby/include conftest.c >&5
configure:10470: $? = 0
configure:10470: result: yes
configure:11057: checking for objdir
configure:11073: result: .libs
configure:11337: checking if /usr/bin/gcc supports -fno-rtti -fno-exceptions
configure:11356: /usr/bin/gcc -c  -I/opt/homebrew/opt/ruby/include -fno-rtti -fno-exceptions conftest.c >&5
configure:11360: $? = 0
configure:11373: result: yes
configure:11731: checking for /usr/bin/gcc option to produce PIC
configure:11739: result: -fno-common -DPIC
configure:11747: checking if /usr/bin/gcc PIC flag -fno-common -DPIC works
configure:11766: /usr/bin/gcc -c  -I/opt/homebrew/opt/ruby/include -fno-common -DPIC -DPIC conftest.c >&5
configure:11770: $? = 0
configure:11783: result: yes
configure:11812: checking if /usr/bin/gcc static flag -static works
configure:11841: result: no
configure:11856: checking if /usr/bin/gcc supports -c -o file.o
configure:11878: /usr/bin/gcc -c  -I/opt/homebrew/opt/ruby/include -o out/conftest2.o conftest.c >&5
configure:11882: $? = 0
configure:11904: result: yes
configure:11912: checking if /usr/bin/gcc supports -c -o file.o
configure:11960: result: yes
configure:11993: checking whether the /usr/bin/gcc linker (/Applications/Xcode.app/Contents/Developer/Toolchains/XcodeDefault.xctoolchain/usr/bin/ld) supports shared libraries
configure:13261: result: yes
configure:13502: checking dynamic linker characteristics
configure:14336: result: darwin23.6.0 dyld
configure:14458: checking how to hardcode library paths into programs
configure:14483: result: immediate
configure:15065: checking whether stripping libraries is possible
configure:15082: result: yes
configure:15116: checking if libtool supports shared libraries
configure:15118: result: yes
configure:15121: checking whether to build shared libraries
configure:15146: result: yes
configure:15149: checking whether to build static libraries
configure:15153: result: yes
configure:15259: checking for g++
configure:15280: found /usr/bin/g++
configure:15291: result: g++
configure:15318: checking for C++ compiler version
configure:15327: g++ --version >&5
Apple clang version 15.0.0 (clang-1500.3.9.4)
Target: arm64-apple-darwin23.6.0
Thread model: posix
InstalledDir: /Applications/Xcode.app/Contents/Developer/Toolchains/XcodeDefault.xctoolchain/usr/bin
configure:15338: $? = 0
configure:15327: g++ -v >&5
Apple clang version 15.0.0 (clang-1500.3.9.4)
Target: arm64-apple-darwin23.6.0
Thread model: posix
InstalledDir: /Applications/Xcode.app/Contents/Developer/Toolchains/XcodeDefault.xctoolchain/usr/bin
configure:15338: $? = 0
configure:15327: g++ -V >&5
clang: error: argument to '-V' is missing (expected 1 value)
clang: error: no input files
configure:15338: $? = 1
configure:15327: g++ -qversion >&5
clang: error: unknown argument '-qversion'; did you mean '--version'?
clang: error: no input files
configure:15338: $? = 1
configure:15342: checking whether the compiler supports GNU C++
configure:15362: g++ -c  -I/opt/homebrew/opt/ruby/include conftest.cpp >&5
configure:15362: $? = 0
configure:15372: result: yes
configure:15383: checking whether g++ accepts -g
configure:15404: g++ -c -g -I/opt/homebrew/opt/ruby/include conftest.cpp >&5
configure:15404: $? = 0
configure:15448: result: yes
configure:15468: checking for g++ option to enable C++11 features
configure:15483: g++  -c -g -O2 -I/opt/homebrew/opt/ruby/include conftest.cpp >&5
conftest.cpp:95:3: error: "Compiler does not advertise C++11 conformance"
# error "Compiler does not advertise C++11 conformance"
  ^
conftest.cpp:100:3: error: unknown type name 'constexpr'
  constexpr int get_val() { return 20; }
  ^
conftest.cpp:112:17: error: delegating constructors are permitted only in C++11
    delegate(): delegate(2354) {}
                ^~~~~~~~
conftest.cpp:123:26: warning: 'override' keyword is a C++11 extension [-Wc++11-extensions]
    virtual int getval() override final { return this->n * 2; }
                         ^
conftest.cpp:123:35: warning: 'final' keyword is a C++11 extension [-Wc++11-extensions]
    virtual int getval() override final { return this->n * 2; }
                                  ^
conftest.cpp:130:16: warning: defaulted function definitions are a C++11 extension [-Wc++11-extensions]
    nocopy() = default;
               ^
conftest.cpp:131:29: warning: deleted function definitions are a C++11 extension [-Wc++11-extensions]
    nocopy(const nocopy&) = delete;
                            ^
conftest.cpp:132:41: warning: deleted function definitions are a C++11 extension [-Wc++11-extensions]
    nocopy & operator=(const nocopy&) = delete;
                                        ^
conftest.cpp:144:25: warning: 'auto' type specifier is a C++11 extension [-Wc++11-extensions]
  template <typename V> auto sum(V first) -> V
                        ^
conftest.cpp:144:25: error: 'auto' not allowed in function return type
  template <typename V> auto sum(V first) -> V
                        ^~~~
conftest.cpp:144:42: error: expected ';' at end of declaration
  template <typename V> auto sum(V first) -> V
                                         ^
                                         ;
conftest.cpp:144:43: error: cannot use arrow operator on a type
  template <typename V> auto sum(V first) -> V
                                          ^
conftest.cpp:148:33: warning: variadic templates are a C++11 extension [-Wc++11-extensions]
  template <typename V, typename... Args> auto sum(V first, Args... rest) -> V
                                ^
conftest.cpp:148:43: warning: 'auto' type specifier is a C++11 extension [-Wc++11-extensions]
  template <typename V, typename... Args> auto sum(V first, Args... rest) -> V
                                          ^
conftest.cpp:148:43: error: 'auto' not allowed in function return type
  template <typename V, typename... Args> auto sum(V first, Args... rest) -> V
                                          ^~~~
conftest.cpp:148:74: error: expected ';' at end of declaration
  template <typename V, typename... Args> auto sum(V first, Args... rest) -> V
                                                                         ^
                                                                         ;
conftest.cpp:148:75: error: cannot use arrow operator on a type
  template <typename V, typename... Args> auto sum(V first, Args... rest) -> V
                                                                          ^
conftest.cpp:172:3: warning: 'auto' type specifier is a C++11 extension [-Wc++11-extensions]
  auto a1 = 6538;
  ^
conftest.cpp:173:3: warning: 'auto' type specifier is a C++11 extension [-Wc++11-extensions]
  auto a2 = 48573953.4;
  ^
conftest.cpp:174:3: warning: 'auto' type specifier is a C++11 extension [-Wc++11-extensions]
  auto a3 = "String literal";
  ^
conftest.cpp:177:8: warning: 'auto' type specifier is a C++11 extension [-Wc++11-extensions]
  for (auto i = a3; *i; ++i) { total += *i; }
       ^
conftest.cpp:193:8: warning: 'auto' type specifier is a C++11 extension [-Wc++11-extensions]
  for (auto &x : array) { x += 23; }
       ^
conftest.cpp:193:16: warning: range-based for loop is a C++11 extension [-Wc++11-extensions]
  for (auto &x : array) { x += 23; }
               ^
conftest.cpp:198:17: error: expected expression
  assert (eval ([](int x) { return x*2; }, 21) == 42);
                ^
conftest.cpp:200:17: error: expected expression
  assert (eval ([&](double x) { return d += x; }, 3.0) == 5.0);
                ^
conftest.cpp:202:17: error: expected expression
  assert (eval ([=](double x) mutable { return d += x; }, 4.0) == 9.0);
                ^
conftest.cpp:208:3: warning: 'auto' type specifier is a C++11 extension [-Wc++11-extensions]
  auto a = sum(1);
  ^
conftest.cpp:208:12: error: no matching function for call to 'sum'
  auto a = sum(1);
           ^~~
conftest.cpp:209:3: warning: 'auto' type specifier is a C++11 extension [-Wc++11-extensions]
  auto b = sum(1, 2);
  ^
conftest.cpp:209:12: error: no matching function for call to 'sum'
  auto b = sum(1, 2);
           ^~~
conftest.cpp:210:3: warning: 'auto' type specifier is a C++11 extension [-Wc++11-extensions]
  auto c = sum(1.0, 2.0, 3.0);
  ^
conftest.cpp:210:12: error: no matching function for call to 'sum'
  auto c = sum(1.0, 2.0, 3.0);
           ^~~
conftest.cpp:215:25: warning: empty parentheses interpreted as a function declaration [-Wvexing-parse]
  cxx11test::delegate d2();
                        ^~
conftest.cpp:215:25: note: remove parentheses to declare a variable
  cxx11test::delegate d2();
                        ^~
conftest.cpp:228:16: error: found '<::' after a template name which forms the digraph '<:' (aka '[') and a ':', did you mean '< ::'?
  test_template<::test_template<int>> v(test_template<int>(12));
               ^~~
               < ::
conftest.cpp:228:36: error: a space is required between consecutive right angle brackets (use '> >')
  test_template<::test_template<int>> v(test_template<int>(12));
                                   ^~
                                   > >
conftest.cpp:232:22: error: use of undeclared identifier 'u8'
  char const *utf8 = u8"UTF-8 string \u2500";
                     ^
conftest.cpp:232:24: error: expected ';' at end of declaration
  char const *utf8 = u8"UTF-8 string \u2500";
                       ^
                       ;
fatal error: too many errors emitted, stopping now [-ferror-limit=]
18 warnings and 20 errors generated.
configure:15483: $? = 1
configure: failed program was:
| /* confdefs.h */
| #define PACKAGE_NAME "dummy"
| #define PACKAGE_TARNAME "dummy"
| #define PACKAGE_VERSION "0"
| #define PACKAGE_STRING "dummy 0"
| #define PACKAGE_BUGREPORT ""
| #define PACKAGE_URL ""
| #define PACKAGE "dummy"
| #define VERSION "0"
| #define HAVE_STDIO_H 1
| #define HAVE_STDLIB_H 1
| #define HAVE_STRING_H 1
| #define HAVE_INTTYPES_H 1
| #define HAVE_STDINT_H 1
| #define HAVE_STRINGS_H 1
| #define HAVE_SYS_STAT_H 1
| #define HAVE_SYS_TYPES_H 1
| #define HAVE_UNISTD_H 1
| #define HAVE_WCHAR_H 1
| #define HAVE_GETOPT_H 1
| #define HAVE_SYS_CDEFS_H 1
| #define HAVE_LIMITS_H 1
| #define HAVE_SYS_MMAN_H 1
| #define HAVE_STDBOOL_H 1
| #define HAVE_SYS_SOCKET_H 1
| #define HAVE_SYSEXITS_H 1
| #define STDC_HEADERS 1
| #define _ALL_SOURCE 1
| #define _DARWIN_C_SOURCE 1
| #define _GNU_SOURCE 1
| #define _HPUX_ALT_XOPEN_SOCKET_API 1
| #define _NETBSD_SOURCE 1
| #define _OPENBSD_SOURCE 1
| #define _POSIX_PTHREAD_SEMANTICS 1
| #define __STDC_WANT_IEC_60559_ATTRIBS_EXT__ 1
| #define __STDC_WANT_IEC_60559_BFP_EXT__ 1
| #define __STDC_WANT_IEC_60559_DFP_EXT__ 1
| #define __STDC_WANT_IEC_60559_EXT__ 1
| #define __STDC_WANT_IEC_60559_FUNCS_EXT__ 1
| #define __STDC_WANT_IEC_60559_TYPES_EXT__ 1
| #define __STDC_WANT_LIB_EXT2__ 1
| #define __STDC_WANT_MATH_SPEC_FUNCS__ 1
| #define _TANDEM_SOURCE 1
| #define __EXTENSIONS__ 1
| #define __USE_MINGW_ANSI_STDIO 1
| #define HAVE_DLFCN_H 1
| #define LT_OBJDIR ".libs/"
| /* end confdefs.h.  */
| 
| // Does the compiler advertise C++98 conformance?
| #if !defined __cplusplus || __cplusplus < 199711L
| # error "Compiler does not advertise C++98 conformance"
| #endif
| 
| // These inclusions are to reject old compilers that
| // lack the unsuffixed header files.
| #include <cstdlib>
| #include <exception>
| 
| // <cassert> and <cstring> are *not* freestanding headers in C++98.
| extern void assert (int);
| namespace std {
|   extern int strcmp (const char *, const char *);
| }
| 
| // Namespaces, exceptions, and templates were all added after "C++ 2.0".
| using std::exception;
| using std::strcmp;
| 
| namespace {
| 
| void test_exception_syntax()
| {
|   try {
|     throw "test";
|   } catch (const char *s) {
|     // Extra parentheses suppress a warning when building autoconf itself,
|     // due to lint rules shared with more typical C programs.
|     assert (!(strcmp) (s, "test"));
|   }
| }
| 
| template <typename T> struct test_template
| {
|   T const val;
|   explicit test_template(T t) : val(t) {}
|   template <typename U> T add(U u) { return static_cast<T>(u) + val; }
| };
| 
| } // anonymous namespace
| 
| 
| // Does the compiler advertise C++ 2011 conformance?
| #if !defined __cplusplus || __cplusplus < 201103L
| # error "Compiler does not advertise C++11 conformance"
| #endif
| 
| namespace cxx11test
| {
|   constexpr int get_val() { return 20; }
| 
|   struct testinit
|   {
|     int i;
|     double d;
|   };
| 
|   class delegate
|   {
|   public:
|     delegate(int n) : n(n) {}
|     delegate(): delegate(2354) {}
| 
|     virtual int getval() { return this->n; };
|   protected:
|     int n;
|   };
| 
|   class overridden : public delegate
|   {
|   public:
|     overridden(int n): delegate(n) {}
|     virtual int getval() override final { return this->n * 2; }
|   };
| 
|   class nocopy
|   {
|   public:
|     nocopy(int i): i(i) {}
|     nocopy() = default;
|     nocopy(const nocopy&) = delete;
|     nocopy & operator=(const nocopy&) = delete;
|   private:
|     int i;
|   };
| 
|   // for testing lambda expressions
|   template <typename Ret, typename Fn> Ret eval(Fn f, Ret v)
|   {
|     return f(v);
|   }
| 
|   // for testing variadic templates and trailing return types
|   template <typename V> auto sum(V first) -> V
|   {
|     return first;
|   }
|   template <typename V, typename... Args> auto sum(V first, Args... rest) -> V
|   {
|     return first + sum(rest...);
|   }
| }
| 
| 
| int
| main (int argc, char **argv)
| {
|   int ok = 0;
|   
|   assert (argc);
|   assert (! argv[0]);
| {
|   test_exception_syntax ();
|   test_template<double> tt (2.0);
|   assert (tt.add (4) == 6.0);
|   assert (true && !false);
| }
| 
|   
| {
|   // Test auto and decltype
|   auto a1 = 6538;
|   auto a2 = 48573953.4;
|   auto a3 = "String literal";
| 
|   int total = 0;
|   for (auto i = a3; *i; ++i) { total += *i; }
| 
|   decltype(a2) a4 = 34895.034;
| }
| {
|   // Test constexpr
|   short sa[cxx11test::get_val()] = { 0 };
| }
| {
|   // Test initializer lists
|   cxx11test::testinit il = { 4323, 435234.23544 };
| }
| {
|   // Test range-based for
|   int array[] = {9, 7, 13, 15, 4, 18, 12, 10, 5, 3,
|                  14, 19, 17, 8, 6, 20, 16, 2, 11, 1};
|   for (auto &x : array) { x += 23; }
| }
| {
|   // Test lambda expressions
|   using cxx11test::eval;
|   assert (eval ([](int x) { return x*2; }, 21) == 42);
|   double d = 2.0;
|   assert (eval ([&](double x) { return d += x; }, 3.0) == 5.0);
|   assert (d == 5.0);
|   assert (eval ([=](double x) mutable { return d += x; }, 4.0) == 9.0);
|   assert (d == 5.0);
| }
| {
|   // Test use of variadic templates
|   using cxx11test::sum;
|   auto a = sum(1);
|   auto b = sum(1, 2);
|   auto c = sum(1.0, 2.0, 3.0);
| }
| {
|   // Test constructor delegation
|   cxx11test::delegate d1;
|   cxx11test::delegate d2();
|   cxx11test::delegate d3(45);
| }
| {
|   // Test override and final
|   cxx11test::overridden o1(55464);
| }
| {
|   // Test nullptr
|   char *c = nullptr;
| }
| {
|   // Test template brackets
|   test_template<::test_template<int>> v(test_template<int>(12));
| }
| {
|   // Unicode literals
|   char const *utf8 = u8"UTF-8 string \u2500";
|   char16_t const *utf16 = u"UTF-8 string \u2500";
|   char32_t const *utf32 = U"UTF-32 string \u2500";
| }
| 
|   return ok;
| }
| 
configure:15501: result: none needed
configure:15567: checking dependency style of g++
configure:15679: result: gcc3
configure:15713: checking how to run the C++ preprocessor
configure:15735: g++ -E -I/opt/homebrew/opt/ruby/include conftest.cpp
configure:15735: $? = 0
configure:15750: g++ -E -I/opt/homebrew/opt/ruby/include conftest.cpp
conftest.cpp:49:10: fatal error: 'ac_nonexistent.h' file not found
#include <ac_nonexistent.h>
         ^~~~~~~~~~~~~~~~~~
1 error generated.
configure:15750: $? = 1
configure: failed program was:
| /* confdefs.h */
| #define PACKAGE_NAME "dummy"
| #define PACKAGE_TARNAME "dummy"
| #define PACKAGE_VERSION "0"
| #define PACKAGE_STRING "dummy 0"
| #define PACKAGE_BUGREPORT ""
| #define PACKAGE_URL ""
| #define PACKAGE "dummy"
| #define VERSION "0"
| #define HAVE_STDIO_H 1
| #define HAVE_STDLIB_H 1
| #define HAVE_STRING_H 1
| #define HAVE_INTTYPES_H 1
| #define HAVE_STDINT_H 1
| #define HAVE_STRINGS_H 1
| #define HAVE_SYS_STAT_H 1
| #define HAVE_SYS_TYPES_H 1
| #define HAVE_UNISTD_H 1
| #define HAVE_WCHAR_H 1
| #define HAVE_GETOPT_H 1
| #define HAVE_SYS_CDEFS_H 1
| #define HAVE_LIMITS_H 1
| #define HAVE_SYS_MMAN_H 1
| #define HAVE_STDBOOL_H 1
| #define HAVE_SYS_SOCKET_H 1
| #define HAVE_SYSEXITS_H 1
| #define STDC_HEADERS 1
| #define _ALL_SOURCE 1
| #define _DARWIN_C_SOURCE 1
| #define _GNU_SOURCE 1
| #define _HPUX_ALT_XOPEN_SOCKET_API 1
| #define _NETBSD_SOURCE 1
| #define _OPENBSD_SOURCE 1
| #define _POSIX_PTHREAD_SEMANTICS 1
| #define __STDC_WANT_IEC_60559_ATTRIBS_EXT__ 1
| #define __STDC_WANT_IEC_60559_BFP_EXT__ 1
| #define __STDC_WANT_IEC_60559_DFP_EXT__ 1
| #define __STDC_WANT_IEC_60559_EXT__ 1
| #define __STDC_WANT_IEC_60559_FUNCS_EXT__ 1
| #define __STDC_WANT_IEC_60559_TYPES_EXT__ 1
| #define __STDC_WANT_LIB_EXT2__ 1
| #define __STDC_WANT_MATH_SPEC_FUNCS__ 1
| #define _TANDEM_SOURCE 1
| #define __EXTENSIONS__ 1
| #define __USE_MINGW_ANSI_STDIO 1
| #define HAVE_DLFCN_H 1
| #define LT_OBJDIR ".libs/"
| /* end confdefs.h.  */
| #include <ac_nonexistent.h>
configure:15777: result: g++ -E
configure:15791: g++ -E -I/opt/homebrew/opt/ruby/include conftest.cpp
configure:15791: $? = 0
configure:15806: g++ -E -I/opt/homebrew/opt/ruby/include conftest.cpp
conftest.cpp:49:10: fatal error: 'ac_nonexistent.h' file not found
#include <ac_nonexistent.h>
         ^~~~~~~~~~~~~~~~~~
1 error generated.
configure:15806: $? = 1
configure: failed program was:
| /* confdefs.h */
| #define PACKAGE_NAME "dummy"
| #define PACKAGE_TARNAME "dummy"
| #define PACKAGE_VERSION "0"
| #define PACKAGE_STRING "dummy 0"
| #define PACKAGE_BUGREPORT ""
| #define PACKAGE_URL ""
| #define PACKAGE "dummy"
| #define VERSION "0"
| #define HAVE_STDIO_H 1
| #define HAVE_STDLIB_H 1
| #define HAVE_STRING_H 1
| #define HAVE_INTTYPES_H 1
| #define HAVE_STDINT_H 1
| #define HAVE_STRINGS_H 1
| #define HAVE_SYS_STAT_H 1
| #define HAVE_SYS_TYPES_H 1
| #define HAVE_UNISTD_H 1
| #define HAVE_WCHAR_H 1
| #define HAVE_GETOPT_H 1
| #define HAVE_SYS_CDEFS_H 1
| #define HAVE_LIMITS_H 1
| #define HAVE_SYS_MMAN_H 1
| #define HAVE_STDBOOL_H 1
| #define HAVE_SYS_SOCKET_H 1
| #define HAVE_SYSEXITS_H 1
| #define STDC_HEADERS 1
| #define _ALL_SOURCE 1
| #define _DARWIN_C_SOURCE 1
| #define _GNU_SOURCE 1
| #define _HPUX_ALT_XOPEN_SOCKET_API 1
| #define _NETBSD_SOURCE 1
| #define _OPENBSD_SOURCE 1
| #define _POSIX_PTHREAD_SEMANTICS 1
| #define __STDC_WANT_IEC_60559_ATTRIBS_EXT__ 1
| #define __STDC_WANT_IEC_60559_BFP_EXT__ 1
| #define __STDC_WANT_IEC_60559_DFP_EXT__ 1
| #define __STDC_WANT_IEC_60559_EXT__ 1
| #define __STDC_WANT_IEC_60559_FUNCS_EXT__ 1
| #define __STDC_WANT_IEC_60559_TYPES_EXT__ 1
| #define __STDC_WANT_LIB_EXT2__ 1
| #define __STDC_WANT_MATH_SPEC_FUNCS__ 1
| #define _TANDEM_SOURCE 1
| #define __EXTENSIONS__ 1
| #define __USE_MINGW_ANSI_STDIO 1
| #define HAVE_DLFCN_H 1
| #define LT_OBJDIR ".libs/"
| /* end confdefs.h.  */
| #include <ac_nonexistent.h>
configure:15971: checking for ld used by g++
configure:16039: result: /Applications/Xcode.app/Contents/Developer/Toolchains/XcodeDefault.xctoolchain/usr/bin/ld
configure:16046: checking if the linker (/Applications/Xcode.app/Contents/Developer/Toolchains/XcodeDefault.xctoolchain/usr/bin/ld) is GNU ld
configure:16062: result: no
configure:16117: checking whether the g++ linker (/Applications/Xcode.app/Contents/Developer/Toolchains/XcodeDefault.xctoolchain/usr/bin/ld) supports shared libraries
configure:17195: result: yes
configure:17231: g++ -c -g -O2 -I/opt/homebrew/opt/ruby/include conftest.cpp >&5
configure:17234: $? = 0
configure:17715: checking for g++ option to produce PIC
configure:17723: result: -fno-common -DPIC
configure:17731: checking if g++ PIC flag -fno-common -DPIC works
configure:17750: g++ -c -g -O2 -I/opt/homebrew/opt/ruby/include -fno-common -DPIC -DPIC conftest.cpp >&5
configure:17754: $? = 0
configure:17767: result: yes
configure:17790: checking if g++ static flag -static works
configure:17819: result: no
configure:17831: checking if g++ supports -c -o file.o
configure:17853: g++ -c -g -O2 -I/opt/homebrew/opt/ruby/include -o out/conftest2.o conftest.cpp >&5
configure:17857: $? = 0
configure:17879: result: yes
configure:17884: checking if g++ supports -c -o file.o
configure:17932: result: yes
configure:17962: checking whether the g++ linker (/Applications/Xcode.app/Contents/Developer/Toolchains/XcodeDefault.xctoolchain/usr/bin/ld) supports shared libraries
configure:18002: result: yes
configure:18144: checking dynamic linker characteristics
configure:18905: result: darwin23.6.0 dyld
configure:18970: checking how to hardcode library paths into programs
configure:18995: result: immediate
configure:19094: checking for size_t
configure:19094: /usr/bin/gcc -c  -I/opt/homebrew/opt/ruby/include conftest.c >&5
configure:19094: $? = 0
configure:19094: /usr/bin/gcc -c  -I/opt/homebrew/opt/ruby/include conftest.c >&5
conftest.c:80:21: error: expected expression
if (sizeof ((size_t)))
                    ^
1 error generated.
configure:19094: $? = 1
configure: failed program was:
| /* confdefs.h */
| #define PACKAGE_NAME "dummy"
| #define PACKAGE_TARNAME "dummy"
| #define PACKAGE_VERSION "0"
| #define PACKAGE_STRING "dummy 0"
| #define PACKAGE_BUGREPORT ""
| #define PACKAGE_URL ""
| #define PACKAGE "dummy"
| #define VERSION "0"
| #define HAVE_STDIO_H 1
| #define HAVE_STDLIB_H 1
| #define HAVE_STRING_H 1
| #define HAVE_INTTYPES_H 1
| #define HAVE_STDINT_H 1
| #define HAVE_STRINGS_H 1
| #define HAVE_SYS_STAT_H 1
| #define HAVE_SYS_TYPES_H 1
| #define HAVE_UNISTD_H 1
| #define HAVE_WCHAR_H 1
| #define HAVE_GETOPT_H 1
| #define HAVE_SYS_CDEFS_H 1
| #define HAVE_LIMITS_H 1
| #define HAVE_SYS_MMAN_H 1
| #define HAVE_STDBOOL_H 1
| #define HAVE_SYS_SOCKET_H 1
| #define HAVE_SYSEXITS_H 1
| #define STDC_HEADERS 1
| #define _ALL_SOURCE 1
| #define _DARWIN_C_SOURCE 1
| #define _GNU_SOURCE 1
| #define _HPUX_ALT_XOPEN_SOCKET_API 1
| #define _NETBSD_SOURCE 1
| #define _OPENBSD_SOURCE 1
| #define _POSIX_PTHREAD_SEMANTICS 1
| #define __STDC_WANT_IEC_60559_ATTRIBS_EXT__ 1
| #define __STDC_WANT_IEC_60559_BFP_EXT__ 1
| #define __STDC_WANT_IEC_60559_DFP_EXT__ 1
| #define __STDC_WANT_IEC_60559_EXT__ 1
| #define __STDC_WANT_IEC_60559_FUNCS_EXT__ 1
| #define __STDC_WANT_IEC_60559_TYPES_EXT__ 1
| #define __STDC_WANT_LIB_EXT2__ 1
| #define __STDC_WANT_MATH_SPEC_FUNCS__ 1
| #define _TANDEM_SOURCE 1
| #define __EXTENSIONS__ 1
| #define __USE_MINGW_ANSI_STDIO 1
| #define HAVE_DLFCN_H 1
| #define LT_OBJDIR ".libs/"
| /* end confdefs.h.  */
| #include <stddef.h>
| #ifdef HAVE_STDIO_H
| # include <stdio.h>
| #endif
| #ifdef HAVE_STDLIB_H
| # include <stdlib.h>
| #endif
| #ifdef HAVE_STRING_H
| # include <string.h>
| #endif
| #ifdef HAVE_INTTYPES_H
| # include <inttypes.h>
| #endif
| #ifdef HAVE_STDINT_H
| # include <stdint.h>
| #endif
| #ifdef HAVE_STRINGS_H
| # include <strings.h>
| #endif
| #ifdef HAVE_SYS_TYPES_H
| # include <sys/types.h>
| #endif
| #ifdef HAVE_SYS_STAT_H
| # include <sys/stat.h>
| #endif
| #ifdef HAVE_UNISTD_H
| # include <unistd.h>
| #endif
| int
| main (void)
| {
| if (sizeof ((size_t)))
| 	    return 0;
|   ;
|   return 0;
| }
configure:19094: result: yes
configure:19106: checking for working alloca.h
configure:19124: /usr/bin/gcc -o conftest  -I/opt/homebrew/opt/ruby/include -L/opt/homebrew/opt/ruby/lib conftest.c  >&5
configure:19124: $? = 0
configure:19133: result: yes
configure:19141: checking for alloca
configure:19186: result: yes
configure:19257: checking for inline
configure:19274: /usr/bin/gcc -c  -I/opt/homebrew/opt/ruby/include conftest.c >&5
configure:19274: $? = 0
configure:19283: result: inline
configure:19301: checking for C/C++ restrict keyword
configure:19331: /usr/bin/gcc -c  -I/opt/homebrew/opt/ruby/include conftest.c >&5
configure:19331: $? = 0
configure:19340: result: __restrict__
configure:19351: checking for /usr/bin/gcc options needed to detect all undeclared functions
configure:19373: /usr/bin/gcc -c   -I/opt/homebrew/opt/ruby/include conftest.c >&5
conftest.c:56:8: error: call to undeclared library function 'strchr' with type 'char *(const char *, int)'; ISO C99 and later do not support implicit function declarations [-Wimplicit-function-declaration]
(void) strchr;
       ^
conftest.c:56:8: note: include the header <string.h> or explicitly provide a declaration for 'strchr'
1 error generated.
configure:19373: $? = 1
configure: failed program was:
| /* confdefs.h */
| #define PACKAGE_NAME "dummy"
| #define PACKAGE_TARNAME "dummy"
| #define PACKAGE_VERSION "0"
| #define PACKAGE_STRING "dummy 0"
| #define PACKAGE_BUGREPORT ""
| #define PACKAGE_URL ""
| #define PACKAGE "dummy"
| #define VERSION "0"
| #define HAVE_STDIO_H 1
| #define HAVE_STDLIB_H 1
| #define HAVE_STRING_H 1
| #define HAVE_INTTYPES_H 1
| #define HAVE_STDINT_H 1
| #define HAVE_STRINGS_H 1
| #define HAVE_SYS_STAT_H 1
| #define HAVE_SYS_TYPES_H 1
| #define HAVE_UNISTD_H 1
| #define HAVE_WCHAR_H 1
| #define HAVE_GETOPT_H 1
| #define HAVE_SYS_CDEFS_H 1
| #define HAVE_LIMITS_H 1
| #define HAVE_SYS_MMAN_H 1
| #define HAVE_STDBOOL_H 1
| #define HAVE_SYS_SOCKET_H 1
| #define HAVE_SYSEXITS_H 1
| #define STDC_HEADERS 1
| #define _ALL_SOURCE 1
| #define _DARWIN_C_SOURCE 1
| #define _GNU_SOURCE 1
| #define _HPUX_ALT_XOPEN_SOCKET_API 1
| #define _NETBSD_SOURCE 1
| #define _OPENBSD_SOURCE 1
| #define _POSIX_PTHREAD_SEMANTICS 1
| #define __STDC_WANT_IEC_60559_ATTRIBS_EXT__ 1
| #define __STDC_WANT_IEC_60559_BFP_EXT__ 1
| #define __STDC_WANT_IEC_60559_DFP_EXT__ 1
| #define __STDC_WANT_IEC_60559_EXT__ 1
| #define __STDC_WANT_IEC_60559_FUNCS_EXT__ 1
| #define __STDC_WANT_IEC_60559_TYPES_EXT__ 1
| #define __STDC_WANT_LIB_EXT2__ 1
| #define __STDC_WANT_MATH_SPEC_FUNCS__ 1
| #define _TANDEM_SOURCE 1
| #define __EXTENSIONS__ 1
| #define __USE_MINGW_ANSI_STDIO 1
| #define HAVE_DLFCN_H 1
| #define LT_OBJDIR ".libs/"
| #define HAVE_ALLOCA_H 1
| #define HAVE_ALLOCA 1
| #define restrict __restrict__
| /* end confdefs.h.  */
| 
| int
| main (void)
| {
| (void) strchr;
|   ;
|   return 0;
| }
configure:19400: /usr/bin/gcc -c   -I/opt/homebrew/opt/ruby/include conftest.c >&5
configure:19400: $? = 0
configure:19417: result: none needed
configure:19431: checking whether clearerr_unlocked is declared
configure:19431: /usr/bin/gcc -c   -I/opt/homebrew/opt/ruby/include conftest.c >&5 -Werror=implicit-function-declaration
configure:19431: $? = 0
configure:19431: result: yes
configure:19440: checking whether feof_unlocked is declared
configure:19440: /usr/bin/gcc -c   -I/opt/homebrew/opt/ruby/include conftest.c >&5 -Werror=implicit-function-declaration
configure:19440: $? = 0
configure:19440: result: yes
configure:19449: checking whether ferror_unlocked is declared
configure:19449: /usr/bin/gcc -c   -I/opt/homebrew/opt/ruby/include conftest.c >&5 -Werror=implicit-function-declaration
configure:19449: $? = 0
configure:19449: result: yes
configure:19458: checking whether fflush_unlocked is declared
configure:19458: /usr/bin/gcc -c   -I/opt/homebrew/opt/ruby/include conftest.c >&5 -Werror=implicit-function-declaration

## ---------------- ##
## Cache variables. ##
## ---------------- ##

ac_cv_build=aarch64-apple-darwin23.6.0
ac_cv_c_compiler_gnu=yes
ac_cv_c_inline=inline
ac_cv_c_restrict=__restrict__
ac_cv_c_undeclared_builtin_options='none needed'
ac_cv_cxx_compiler_gnu=yes
ac_cv_env_CCC_set=
ac_cv_env_CCC_value=
ac_cv_env_CC_set=set
ac_cv_env_CC_value=/usr/bin/gcc
ac_cv_env_CFLAGS_set=set
ac_cv_env_CFLAGS_value=
ac_cv_env_CPPFLAGS_set=set
ac_cv_env_CPPFLAGS_value=-I/opt/homebrew/opt/ruby/include
ac_cv_env_CPP_set=
ac_cv_env_CPP_value=
ac_cv_env_CXXCPP_set=
ac_cv_env_CXXCPP_value=
ac_cv_env_CXXFLAGS_set=
ac_cv_env_CXXFLAGS_value=
ac_cv_env_CXX_set=
ac_cv_env_CXX_value=
ac_cv_env_LDFLAGS_set=set
ac_cv_env_LDFLAGS_value=-L/opt/homebrew/opt/ruby/lib
ac_cv_env_LIBS_set=
ac_cv_env_LIBS_value=
ac_cv_env_LT_SYS_LIBRARY_PATH_set=
ac_cv_env_LT_SYS_LIBRARY_PATH_value=
ac_cv_env_build_alias_set=
ac_cv_env_build_alias_value=
ac_cv_env_host_alias_set=
ac_cv_env_host_alias_value=
ac_cv_env_target_alias_set=
ac_cv_env_target_alias_value=
ac_cv_func_alloca_works=yes
ac_cv_have_decl_clearerr_unlocked=yes
ac_cv_have_decl_feof_unlocked=yes
ac_cv_have_decl_ferror_unlocked=yes
ac_cv_header_crtdefs_h=no
ac_cv_header_dlfcn_h=yes
ac_cv_header_features_h=no
ac_cv_header_getopt_h=yes
ac_cv_header_inttypes_h=yes
ac_cv_header_limits_h=yes
ac_cv_header_linewrap_h=no
ac_cv_header_minix_config_h=no
ac_cv_header_stdbool_h=yes
ac_cv_header_stdint_h=yes
ac_cv_header_stdio_h=yes
ac_cv_header_stdlib_h=yes
ac_cv_header_string_h=yes
ac_cv_header_strings_h=yes
ac_cv_header_sys_cdefs_h=yes
ac_cv_header_sys_mman_h=yes
ac_cv_header_sys_socket_h=yes
ac_cv_header_sys_stat_h=yes
ac_cv_header_sys_types_h=yes
ac_cv_header_sysexits_h=yes
ac_cv_header_unistd_h=yes
ac_cv_header_wchar_h=yes
ac_cv_host=aarch64-apple-darwin23.6.0
ac_cv_objext=o
ac_cv_path_EGREP='/usr/bin/grep -E'
ac_cv_path_FGREP='/usr/bin/grep -F'
ac_cv_path_GREP=/usr/bin/grep
ac_cv_path_SED=/opt/homebrew/bin/gsed
ac_cv_path_install='/usr/bin/install -c'
ac_cv_path_lt_DD=/bin/dd
ac_cv_path_mkdir=/opt/homebrew/bin/gmkdir
ac_cv_prog_AWK=gawk
ac_cv_prog_CPP='/usr/bin/gcc -E'
ac_cv_prog_CXXCPP='g++ -E'
ac_cv_prog_ac_ct_AR=ar
ac_cv_prog_ac_ct_CC=/usr/bin/gcc
ac_cv_prog_ac_ct_CXX=g++
ac_cv_prog_ac_ct_DLLTOOL=dlltool
ac_cv_prog_ac_ct_DSYMUTIL=dsymutil
ac_cv_prog_ac_ct_FILECMD=file
ac_cv_prog_ac_ct_LIPO=lipo
ac_cv_prog_ac_ct_NMEDIT=nmedit
ac_cv_prog_ac_ct_OBJDUMP=objdump
ac_cv_prog_ac_ct_OTOOL=otool
ac_cv_prog_ac_ct_RANLIB=ranlib
ac_cv_prog_ac_ct_STRIP=strip
ac_cv_prog_cc_c11=
ac_cv_prog_cc_g=yes
ac_cv_prog_cc_stdc=
ac_cv_prog_cxx_11=no
ac_cv_prog_cxx_g=yes
ac_cv_prog_cxx_stdcxx=
ac_cv_prog_make_make_set=yes
ac_cv_safe_to_define___extensions__=yes
ac_cv_should_define__xopen_source=no
ac_cv_type_size_t=yes
ac_cv_working_alloca_h=yes
am_cv_CC_dependencies_compiler_type=gcc3
am_cv_CXX_dependencies_compiler_type=gcc3
am_cv_make_support_nested_variables=yes
am_cv_prog_cc_c_o=yes
gl_cv_c_amsterdam_compiler=no
gl_cv_compiler_check_decl_option=-Werror=implicit-function-declaration
gl_cv_compiler_clang=yes
lt_cv_apple_cc_single_mod=no
lt_cv_ar_at_file=no
lt_cv_deplibs_check_method=pass_all
lt_cv_file_magic_cmd='$MAGIC_CMD'
lt_cv_file_magic_test_file=
lt_cv_ld_exported_symbols_list=yes
lt_cv_ld_force_load=yes
lt_cv_ld_reload_flag=-r
lt_cv_nm_interface='BSD nm'
lt_cv_objdir=.libs
lt_cv_path_LD=/Applications/Xcode.app/Contents/Developer/Toolchains/XcodeDefault.xctoolchain/usr/bin/ld
lt_cv_path_LDCXX=/Applications/Xcode.app/Contents/Developer/Toolchains/XcodeDefault.xctoolchain/usr/bin/ld
lt_cv_path_NM='/usr/bin/nm -B'
lt_cv_path_mainfest_tool=no
lt_cv_prog_compiler_c_o=yes
lt_cv_prog_compiler_c_o_CXX=yes
lt_cv_prog_compiler_pic='-fno-common -DPIC'
lt_cv_prog_compiler_pic_CXX='-fno-common -DPIC'
lt_cv_prog_compiler_pic_works=yes
lt_cv_prog_compiler_pic_works_CXX=yes
lt_cv_prog_compiler_rtti_exceptions=yes
lt_cv_prog_compiler_static_works=no
lt_cv_prog_compiler_static_works_CXX=no
lt_cv_prog_gnu_ld=no
lt_cv_prog_gnu_ldcxx=no
lt_cv_sharedlib_from_linklib_cmd='printf %s\n'
lt_cv_sys_global_symbol_pipe='/opt/homebrew/bin/gsed -n -e '\''s/^.*[	 ]\([ABCDGIRSTW][ABCDGIRSTW]*\)[	 ][	 ]*_\([_A-Za-z][_A-Za-z0-9]*\)$/\1 _\2 \2/p'\'' | /opt/homebrew/bin/gsed '\''/ __gnu_lto/d'\'''
lt_cv_sys_global_symbol_to_c_name_address='/opt/homebrew/bin/gsed -n -e '\''s/^: \(.*\) .*$/  {"\1", (void *) 0},/p'\'' -e '\''s/^[ABCDGIRSTW][ABCDGIRSTW]* .* \(.*\)$/  {"\1", (void *) \&\1},/p'\'''
lt_cv_sys_global_symbol_to_c_name_address_lib_prefix='/opt/homebrew/bin/gsed -n -e '\''s/^: \(.*\) .*$/  {"\1", (void *) 0},/p'\'' -e '\''s/^[ABCDGIRSTW][ABCDGIRSTW]* .* \(lib.*\)$/  {"\1", (void *) \&\1},/p'\'' -e '\''s/^[ABCDGIRSTW][ABCDGIRSTW]* .* \(.*\)$/  {"lib\1", (void *) \&\1},/p'\'''
lt_cv_sys_global_symbol_to_cdecl='/opt/homebrew/bin/gsed -n -e '\''s/^T .* \(.*\)$/extern int \1();/p'\'' -e '\''s/^[ABCDGIRSTW][ABCDGIRSTW]* .* \(.*\)$/extern char \1;/p'\'''
lt_cv_sys_global_symbol_to_import=
lt_cv_sys_max_cmd_len=786432
lt_cv_to_host_file_cmd=func_convert_file_noop
lt_cv_to_tool_file_cmd=func_convert_file_noop
lt_cv_truncate_bin='/bin/dd bs=4096 count=1'

## ----------------- ##
## Output variables. ##
## ----------------- ##

ACLOCAL='${SHELL} '\''/Users/sedwards/source/Personal/libargp/src/build-aux/missing'\'' aclocal-1.16'
ALLOCA=''
ALLOCA_H=''
AMDEPBACKSLASH='\'
AMDEP_FALSE='#'
AMDEP_TRUE=''
AMTAR='$${TAR-tar}'
AM_BACKSLASH='\'
AM_DEFAULT_V='$(AM_DEFAULT_VERBOSITY)'
AM_DEFAULT_VERBOSITY='1'
AM_V='$(V)'
APPLE_UNIVERSAL_BUILD=''
AR='ar'
ARFLAGS='cr'
AS='as'
ASSERT_H=''
AUTOCONF='${SHELL} '\''/Users/sedwards/source/Personal/libargp/src/build-aux/missing'\'' autoconf'
AUTOHEADER='${SHELL} '\''/Users/sedwards/source/Personal/libargp/src/build-aux/missing'\'' autoheader'
AUTOMAKE='${SHELL} '\''/Users/sedwards/source/Personal/libargp/src/build-aux/missing'\'' automake-1.16'
AWK='gawk'
BITSIZEOF_PTRDIFF_T=''
BITSIZEOF_SIG_ATOMIC_T=''
BITSIZEOF_SIZE_T=''
BITSIZEOF_WCHAR_T=''
BITSIZEOF_WINT_T=''
CC='/usr/bin/gcc'
CCDEPMODE='depmode=gcc3'
CFLAGS=' '
CPP='/usr/bin/gcc -E'
CPPFLAGS='-I/opt/homebrew/opt/ruby/include'
CSCOPE='cscope'
CTAGS='ctags'
CXX='g++'
CXXCPP='g++ -E'
CXXDEPMODE='depmode=gcc3'
CXXFLAGS='-g -O2'
CYGPATH_W='echo'
DEFS=''
DEPDIR='.deps'
DLLTOOL='dlltool'
DSYMUTIL='dsymutil'
DUMPBIN=''
ECHO_C='\c'
ECHO_N=''
ECHO_T=''
EGREP='/usr/bin/grep -E'
EMULTIHOP_HIDDEN=''
EMULTIHOP_VALUE=''
ENOLINK_HIDDEN=''
ENOLINK_VALUE=''
EOVERFLOW_HIDDEN=''
EOVERFLOW_VALUE=''
ERRNO_H=''
ETAGS='etags'
EXEEXT=''
FGREP='/usr/bin/grep -F'
FILECMD='file'
FLOAT_H=''
GETOPT_CDEFS_H=''
GETOPT_H=''
GL_COND_LIBTOOL_FALSE='#'
GL_COND_LIBTOOL_TRUE=''
GL_COND_OBJ_FLOAT_FALSE=''
GL_COND_OBJ_FLOAT_TRUE=''
GL_COND_OBJ_FREE_FALSE=''
GL_COND_OBJ_FREE_TRUE=''
GL_COND_OBJ_GETOPT_FALSE=''
GL_COND_OBJ_GETOPT_TRUE=''
GL_COND_OBJ_ITOLD_FALSE=''
GL_COND_OBJ_ITOLD_TRUE=''
GL_COND_OBJ_MEMCHR_FALSE=''
GL_COND_OBJ_MEMCHR_TRUE=''
GL_COND_OBJ_MEMPCPY_FALSE=''
GL_COND_OBJ_MEMPCPY_TRUE=''
GL_COND_OBJ_RAWMEMCHR_FALSE=''
GL_COND_OBJ_RAWMEMCHR_TRUE=''
GL_COND_OBJ_SLEEP_FALSE=''
GL_COND_OBJ_SLEEP_TRUE=''
GL_COND_OBJ_STDIO_READ_FALSE=''
GL_COND_OBJ_STDIO_READ_TRUE=''
GL_COND_OBJ_STDIO_WRITE_FALSE=''
GL_COND_OBJ_STDIO_WRITE_TRUE=''
GL_COND_OBJ_STRCASECMP_FALSE=''
GL_COND_OBJ_STRCASECMP_TRUE=''
GL_COND_OBJ_STRCHRNUL_FALSE=''
GL_COND_OBJ_STRCHRNUL_TRUE=''
GL_COND_OBJ_STRERROR_FALSE=''
GL_COND_OBJ_STRERROR_OVERRIDE_FALSE=''
GL_COND_OBJ_STRERROR_OVERRIDE_TRUE=''
GL_COND_OBJ_STRERROR_TRUE=''
GL_COND_OBJ_STRNCASECMP_FALSE=''
GL_COND_OBJ_STRNCASECMP_TRUE=''
GL_COND_OBJ_STRNDUP_FALSE=''
GL_COND_OBJ_STRNDUP_TRUE=''
GL_COND_OBJ_STRNLEN_FALSE=''
GL_COND_OBJ_STRNLEN_TRUE=''
GL_GENERATE_ALLOCA_H_FALSE=''
GL_GENERATE_ALLOCA_H_TRUE=''
GL_GENERATE_ASSERT_H_FALSE=''
GL_GENERATE_ASSERT_H_TRUE=''
GL_GENERATE_ERRNO_H_FALSE=''
GL_GENERATE_ERRNO_H_TRUE=''
GL_GENERATE_FLOAT_H_FALSE=''
GL_GENERATE_FLOAT_H_TRUE=''
GL_GENERATE_GETOPT_CDEFS_H_FALSE=''
GL_GENERATE_GETOPT_CDEFS_H_TRUE=''
GL_GENERATE_GETOPT_H_FALSE=''
GL_GENERATE_GETOPT_H_TRUE=''
GL_GENERATE_LIMITS_H_FALSE=''
GL_GENERATE_LIMITS_H_TRUE=''
GL_GENERATE_STDDEF_H_FALSE=''
GL_GENERATE_STDDEF_H_TRUE=''
GL_GENERATE_STDINT_H_FALSE=''
GL_GENERATE_STDINT_H_TRUE=''
GL_GENERATE_SYSEXITS_H_FALSE=''
GL_GENERATE_SYSEXITS_H_TRUE=''
GL_GNULIB_ACCESS=''
GL_GNULIB_ALIGNED_ALLOC=''
GL_GNULIB_ATOLL=''
GL_GNULIB_BTOWC=''
GL_GNULIB_CALLOC_GNU=''
GL_GNULIB_CALLOC_POSIX=''
GL_GNULIB_CANONICALIZE_FILE_NAME=''
GL_GNULIB_CHDIR=''
GL_GNULIB_CHOWN=''
GL_GNULIB_CLOSE=''
GL_GNULIB_COPY_FILE_RANGE=''
GL_GNULIB_DPRINTF=''
GL_GNULIB_DUP2=''
GL_GNULIB_DUP3=''
GL_GNULIB_DUP=''
GL_GNULIB_ENVIRON=''
GL_GNULIB_EUIDACCESS=''
GL_GNULIB_EXECL=''
GL_GNULIB_EXECLE=''
GL_GNULIB_EXECLP=''
GL_GNULIB_EXECV=''
GL_GNULIB_EXECVE=''
GL_GNULIB_EXECVP=''
GL_GNULIB_EXECVPE=''
GL_GNULIB_EXPLICIT_BZERO=''
GL_GNULIB_FACCESSAT=''
GL_GNULIB_FCHDIR=''
GL_GNULIB_FCHOWNAT=''
GL_GNULIB_FCLOSE=''
GL_GNULIB_FDATASYNC=''
GL_GNULIB_FDOPEN=''
GL_GNULIB_FFLUSH=''
GL_GNULIB_FFS=''
GL_GNULIB_FFSL=''
GL_GNULIB_FFSLL=''
GL_GNULIB_FGETC=''
GL_GNULIB_FGETS=''
GL_GNULIB_FOPEN=''
GL_GNULIB_FOPEN_GNU=''
GL_GNULIB_FPRINTF=''
GL_GNULIB_FPRINTF_POSIX=''
GL_GNULIB_FPURGE=''
GL_GNULIB_FPUTC=''
GL_GNULIB_FPUTS=''
GL_GNULIB_FREAD=''
GL_GNULIB_FREE_POSIX=''
GL_GNULIB_FREOPEN=''
GL_GNULIB_FSCANF=''
GL_GNULIB_FSEEK=''
GL_GNULIB_FSEEKO=''
GL_GNULIB_FSYNC=''
GL_GNULIB_FTELL=''
GL_GNULIB_FTELLO=''
GL_GNULIB_FTRUNCATE=''
GL_GNULIB_FWRITE=''
GL_GNULIB_GETC=''
GL_GNULIB_GETCHAR=''
GL_GNULIB_GETCWD=''
GL_GNULIB_GETDELIM=''
GL_GNULIB_GETDOMAINNAME=''
GL_GNULIB_GETDTABLESIZE=''
GL_GNULIB_GETENTROPY=''
GL_GNULIB_GETGROUPS=''
GL_GNULIB_GETHOSTNAME=''
GL_GNULIB_GETLINE=''
GL_GNULIB_GETLOADAVG=''
GL_GNULIB_GETLOGIN=''
GL_GNULIB_GETLOGIN_R=''
GL_GNULIB_GETOPT_POSIX=''
GL_GNULIB_GETPAGESIZE=''
GL_GNULIB_GETPASS=''
GL_GNULIB_GETPASS_GNU=''
GL_GNULIB_GETPROGNAME=''
GL_GNULIB_GETSUBOPT=''
GL_GNULIB_GETUSERSHELL=''
GL_GNULIB_GRANTPT=''
GL_GNULIB_GROUP_MEMBER=''
GL_GNULIB_IMAXABS=''
GL_GNULIB_IMAXDIV=''
GL_GNULIB_ISATTY=''
GL_GNULIB_LCHOWN=''
GL_GNULIB_LINK=''
GL_GNULIB_LINKAT=''
GL_GNULIB_LSEEK=''
GL_GNULIB_MALLOC_GNU=''
GL_GNULIB_MALLOC_POSIX=''
GL_GNULIB_MBRLEN=''
GL_GNULIB_MBRTOWC=''
GL_GNULIB_MBSCASECMP=''
GL_GNULIB_MBSCASESTR=''
GL_GNULIB_MBSCHR=''
GL_GNULIB_MBSCSPN=''
GL_GNULIB_MBSINIT=''
GL_GNULIB_MBSLEN=''
GL_GNULIB_MBSNCASECMP=''
GL_GNULIB_MBSNLEN=''
GL_GNULIB_MBSNRTOWCS=''
GL_GNULIB_MBSPBRK=''
GL_GNULIB_MBSPCASECMP=''
GL_GNULIB_MBSRCHR=''
GL_GNULIB_MBSRTOWCS=''
GL_GNULIB_MBSSEP=''
GL_GNULIB_MBSSPN=''
GL_GNULIB_MBSSTR=''
GL_GNULIB_MBSTOK_R=''
GL_GNULIB_MBSTOWCS=''
GL_GNULIB_MBSZERO=''
GL_GNULIB_MBTOWC=''
GL_GNULIB_MDA_ACCESS=''
GL_GNULIB_MDA_CHDIR=''
GL_GNULIB_MDA_CLOSE=''
GL_GNULIB_MDA_DUP2=''
GL_GNULIB_MDA_DUP=''
GL_GNULIB_MDA_ECVT=''
GL_GNULIB_MDA_EXECL=''
GL_GNULIB_MDA_EXECLE=''
GL_GNULIB_MDA_EXECLP=''
GL_GNULIB_MDA_EXECV=''
GL_GNULIB_MDA_EXECVE=''
GL_GNULIB_MDA_EXECVP=''
GL_GNULIB_MDA_EXECVPE=''
GL_GNULIB_MDA_FCLOSEALL=''
GL_GNULIB_MDA_FCVT=''
GL_GNULIB_MDA_FDOPEN=''
GL_GNULIB_MDA_FILENO=''
GL_GNULIB_MDA_GCVT=''
GL_GNULIB_MDA_GETCWD=''
GL_GNULIB_MDA_GETPID=''
GL_GNULIB_MDA_GETW=''
GL_GNULIB_MDA_ISATTY=''
GL_GNULIB_MDA_LSEEK=''
GL_GNULIB_MDA_MEMCCPY=''
GL_GNULIB_MDA_MKTEMP=''
GL_GNULIB_MDA_PUTENV=''
GL_GNULIB_MDA_PUTW=''
GL_GNULIB_MDA_READ=''
GL_GNULIB_MDA_RMDIR=''
GL_GNULIB_MDA_STRDUP=''
GL_GNULIB_MDA_SWAB=''
GL_GNULIB_MDA_TEMPNAM=''
GL_GNULIB_MDA_UNLINK=''
GL_GNULIB_MDA_WCSDUP=''
GL_GNULIB_MDA_WRITE=''
GL_GNULIB_MEMCHR=''
GL_GNULIB_MEMMEM=''
GL_GNULIB_MEMPCPY=''
GL_GNULIB_MEMRCHR=''
GL_GNULIB_MEMSET_EXPLICIT=''
GL_GNULIB_MKDTEMP=''
GL_GNULIB_MKOSTEMP=''
GL_GNULIB_MKOSTEMPS=''
GL_GNULIB_MKSTEMP=''
GL_GNULIB_MKSTEMPS=''
GL_GNULIB_OBSTACK_PRINTF=''
GL_GNULIB_OBSTACK_PRINTF_POSIX=''
GL_GNULIB_PCLOSE=''
GL_GNULIB_PERROR=''
GL_GNULIB_PIPE2=''
GL_GNULIB_PIPE=''
GL_GNULIB_POPEN=''
GL_GNULIB_POSIX_MEMALIGN=''
GL_GNULIB_POSIX_OPENPT=''
GL_GNULIB_PREAD=''
GL_GNULIB_PRINTF=''
GL_GNULIB_PRINTF_POSIX=''
GL_GNULIB_PTSNAME=''
GL_GNULIB_PTSNAME_R=''
GL_GNULIB_PUTC=''
GL_GNULIB_PUTCHAR=''
GL_GNULIB_PUTENV=''
GL_GNULIB_PUTS=''
GL_GNULIB_PWRITE=''
GL_GNULIB_QSORT_R=''
GL_GNULIB_RANDOM=''
GL_GNULIB_RANDOM_R=''
GL_GNULIB_RAWMEMCHR=''
GL_GNULIB_READ=''
GL_GNULIB_READLINK=''
GL_GNULIB_READLINKAT=''
GL_GNULIB_REALLOCARRAY=''
GL_GNULIB_REALLOC_GNU=''
GL_GNULIB_REALLOC_POSIX=''
GL_GNULIB_REALPATH=''
GL_GNULIB_REMOVE=''
GL_GNULIB_RENAME=''
GL_GNULIB_RENAMEAT=''
GL_GNULIB_RMDIR=''
GL_GNULIB_RPMATCH=''
GL_GNULIB_SCANF=''
GL_GNULIB_SECURE_GETENV=''
GL_GNULIB_SETENV=''
GL_GNULIB_SETHOSTNAME=''
GL_GNULIB_SIGABBREV_NP=''
GL_GNULIB_SIGDESCR_NP=''
GL_GNULIB_SLEEP=''
GL_GNULIB_SNPRINTF=''
GL_GNULIB_SPRINTF_POSIX=''
GL_GNULIB_STDIO_H_NONBLOCKING=''
GL_GNULIB_STDIO_H_SIGPIPE=''
GL_GNULIB_STPCPY=''
GL_GNULIB_STPNCPY=''
GL_GNULIB_STRCASESTR=''
GL_GNULIB_STRCHRNUL=''
GL_GNULIB_STRDUP=''
GL_GNULIB_STRERROR=''
GL_GNULIB_STRERRORNAME_NP=''
GL_GNULIB_STRERROR_R=''
GL_GNULIB_STRNCAT=''
GL_GNULIB_STRNDUP=''
GL_GNULIB_STRNLEN=''
GL_GNULIB_STRPBRK=''
GL_GNULIB_STRSEP=''
GL_GNULIB_STRSIGNAL=''
GL_GNULIB_STRSTR=''
GL_GNULIB_STRTOD=''
GL_GNULIB_STRTOIMAX=''
GL_GNULIB_STRTOK_R=''
GL_GNULIB_STRTOL=''
GL_GNULIB_STRTOLD=''
GL_GNULIB_STRTOLL=''
GL_GNULIB_STRTOUL=''
GL_GNULIB_STRTOULL=''
GL_GNULIB_STRTOUMAX=''
GL_GNULIB_STRVERSCMP=''
GL_GNULIB_SYMLINK=''
GL_GNULIB_SYMLINKAT=''
GL_GNULIB_SYSTEM_POSIX=''
GL_GNULIB_TMPFILE=''
GL_GNULIB_TRUNCATE=''
GL_GNULIB_TTYNAME_R=''
GL_GNULIB_UNISTD_H_GETOPT=''
GL_GNULIB_UNISTD_H_NONBLOCKING=''
GL_GNULIB_UNISTD_H_SIGPIPE=''
GL_GNULIB_UNLINK=''
GL_GNULIB_UNLINKAT=''
GL_GNULIB_UNLOCKPT=''
GL_GNULIB_UNSETENV=''
GL_GNULIB_USLEEP=''
GL_GNULIB_VASPRINTF=''
GL_GNULIB_VDPRINTF=''
GL_GNULIB_VFPRINTF=''
GL_GNULIB_VFPRINTF_POSIX=''
GL_GNULIB_VFSCANF=''
GL_GNULIB_VPRINTF=''
GL_GNULIB_VPRINTF_POSIX=''
GL_GNULIB_VSCANF=''
GL_GNULIB_VSNPRINTF=''
GL_GNULIB_VSPRINTF_POSIX=''
GL_GNULIB_WCPCPY=''
GL_GNULIB_WCPNCPY=''
GL_GNULIB_WCRTOMB=''
GL_GNULIB_WCSCASECMP=''
GL_GNULIB_WCSCAT=''
GL_GNULIB_WCSCHR=''
GL_GNULIB_WCSCMP=''
GL_GNULIB_WCSCOLL=''
GL_GNULIB_WCSCPY=''
GL_GNULIB_WCSCSPN=''
GL_GNULIB_WCSDUP=''
GL_GNULIB_WCSFTIME=''
GL_GNULIB_WCSLEN=''
GL_GNULIB_WCSNCASECMP=''
GL_GNULIB_WCSNCAT=''
GL_GNULIB_WCSNCMP=''
GL_GNULIB_WCSNCPY=''
GL_GNULIB_WCSNLEN=''
GL_GNULIB_WCSNRTOMBS=''
GL_GNULIB_WCSPBRK=''
GL_GNULIB_WCSRCHR=''
GL_GNULIB_WCSRTOMBS=''
GL_GNULIB_WCSSPN=''
GL_GNULIB_WCSSTR=''
GL_GNULIB_WCSTOK=''
GL_GNULIB_WCSWIDTH=''
GL_GNULIB_WCSXFRM=''
GL_GNULIB_WCTOB=''
GL_GNULIB_WCTOMB=''
GL_GNULIB_WCWIDTH=''
GL_GNULIB_WMEMCHR=''
GL_GNULIB_WMEMCMP=''
GL_GNULIB_WMEMCPY=''
GL_GNULIB_WMEMMOVE=''
GL_GNULIB_WMEMPCPY=''
GL_GNULIB_WMEMSET=''
GL_GNULIB_WRITE=''
GL_GNULIB__EXIT=''
GNULIBHEADERS_OVERRIDE_WINT_T=''
GREP='/usr/bin/grep'
HAVE_ALIGNED_ALLOC=''
HAVE_ALLOCA_H=''
HAVE_ATOLL=''
HAVE_BTOWC=''
HAVE_C99_STDINT_H=''
HAVE_CANONICALIZE_FILE_NAME=''
HAVE_CHOWN=''
HAVE_COPY_FILE_RANGE=''
HAVE_CRTDEFS_H=''
HAVE_DECL_ECVT=''
HAVE_DECL_ENVIRON=''
HAVE_DECL_EXECVPE=''
HAVE_DECL_FCHDIR=''
HAVE_DECL_FCLOSEALL=''
HAVE_DECL_FCVT=''
HAVE_DECL_FDATASYNC=''
HAVE_DECL_FPURGE=''
HAVE_DECL_FSEEKO=''
HAVE_DECL_FTELLO=''
HAVE_DECL_GCVT=''
HAVE_DECL_GETDELIM=''
HAVE_DECL_GETDOMAINNAME=''
HAVE_DECL_GETLINE=''
HAVE_DECL_GETLOADAVG=''
HAVE_DECL_GETLOGIN=''
HAVE_DECL_GETLOGIN_R=''
HAVE_DECL_GETPAGESIZE=''
HAVE_DECL_GETUSERSHELL=''
HAVE_DECL_GETW=''
HAVE_DECL_IMAXABS=''
HAVE_DECL_IMAXDIV=''
HAVE_DECL_INITSTATE=''
HAVE_DECL_MEMMEM=''
HAVE_DECL_MEMRCHR=''
HAVE_DECL_OBSTACK_PRINTF=''
HAVE_DECL_PROGRAM_INVOCATION_NAME=''
HAVE_DECL_PUTW=''
HAVE_DECL_SETENV=''
HAVE_DECL_SETHOSTNAME=''
HAVE_DECL_SETSTATE=''
HAVE_DECL_SNPRINTF=''
HAVE_DECL_STRDUP=''
HAVE_DECL_STRERROR_R=''
HAVE_DECL_STRNCASECMP=''
HAVE_DECL_STRNDUP=''
HAVE_DECL_STRNLEN=''
HAVE_DECL_STRSIGNAL=''
HAVE_DECL_STRTOIMAX=''
HAVE_DECL_STRTOK_R=''
HAVE_DECL_STRTOUMAX=''
HAVE_DECL_TRUNCATE=''
HAVE_DECL_TTYNAME_R=''
HAVE_DECL_UNSETENV=''
HAVE_DECL_VSNPRINTF=''
HAVE_DECL_WCSDUP=''
HAVE_DECL_WCTOB=''
HAVE_DECL_WCWIDTH=''
HAVE_DPRINTF=''
HAVE_DUP3=''
HAVE_EUIDACCESS=''
HAVE_EXECVPE=''
HAVE_EXPLICIT_BZERO=''
HAVE_FACCESSAT=''
HAVE_FCHDIR=''
HAVE_FCHOWNAT=''
HAVE_FDATASYNC=''
HAVE_FEATURES_H=''
HAVE_FFS=''
HAVE_FFSL=''
HAVE_FFSLL=''
HAVE_FSEEKO=''
HAVE_FSYNC=''
HAVE_FTELLO=''
HAVE_FTRUNCATE=''
HAVE_GETDTABLESIZE=''
HAVE_GETENTROPY=''
HAVE_GETGROUPS=''
HAVE_GETHOSTNAME=''
HAVE_GETLOGIN=''
HAVE_GETOPT_H=''
HAVE_GETPAGESIZE=''
HAVE_GETPASS=''
HAVE_GETPROGNAME=''
HAVE_GETSUBOPT=''
HAVE_GRANTPT=''
HAVE_GROUP_MEMBER=''
HAVE_IMAXABS=''
HAVE_IMAXDIV=''
HAVE_IMAXDIV_T=''
HAVE_INITSTATE=''
HAVE_INTTYPES_H=''
HAVE_LCHOWN=''
HAVE_LINK=''
HAVE_LINKAT=''
HAVE_MAX_ALIGN_T=''
HAVE_MBRLEN=''
HAVE_MBRTOWC=''
HAVE_MBSINIT=''
HAVE_MBSLEN=''
HAVE_MBSNRTOWCS=''
HAVE_MBSRTOWCS=''
HAVE_MBTOWC=''
HAVE_MEMPCPY=''
HAVE_MEMSET_EXPLICIT=''
HAVE_MKDTEMP=''
HAVE_MKOSTEMP=''
HAVE_MKOSTEMPS=''
HAVE_MKSTEMP=''
HAVE_MKSTEMPS=''
HAVE_OS_H=''
HAVE_PCLOSE=''
HAVE_PIPE2=''
HAVE_PIPE=''
HAVE_POPEN=''
HAVE_POSIX_MEMALIGN=''
HAVE_POSIX_OPENPT=''
HAVE_PREAD=''
HAVE_PTSNAME=''
HAVE_PTSNAME_R=''
HAVE_PWRITE=''
HAVE_QSORT_R=''
HAVE_RANDOM=''
HAVE_RANDOM_H=''
HAVE_RANDOM_R=''
HAVE_RAWMEMCHR=''
HAVE_READLINK=''
HAVE_READLINKAT=''
HAVE_REALLOCARRAY=''
HAVE_REALPATH=''
HAVE_RENAMEAT=''
HAVE_RPMATCH=''
HAVE_SECURE_GETENV=''
HAVE_SETENV=''
HAVE_SETHOSTNAME=''
HAVE_SETSTATE=''
HAVE_SIGABBREV_NP=''
HAVE_SIGDESCR_NP=''
HAVE_SIGNED_SIG_ATOMIC_T=''
HAVE_SIGNED_WCHAR_T=''
HAVE_SIGNED_WINT_T=''
HAVE_SLEEP=''
HAVE_STDINT_H=''
HAVE_STPCPY=''
HAVE_STPNCPY=''
HAVE_STRCASECMP=''
HAVE_STRCASESTR=''
HAVE_STRCHRNUL=''
HAVE_STRERRORNAME_NP=''
HAVE_STRINGS_H=''
HAVE_STRPBRK=''
HAVE_STRSEP=''
HAVE_STRTOD=''
HAVE_STRTOL=''
HAVE_STRTOLD=''
HAVE_STRTOLL=''
HAVE_STRTOUL=''
HAVE_STRTOULL=''
HAVE_STRUCT_RANDOM_DATA=''
HAVE_STRVERSCMP=''
HAVE_SYMLINK=''
HAVE_SYMLINKAT=''
HAVE_SYSEXITS_H=''
HAVE_SYS_BITYPES_H=''
HAVE_SYS_CDEFS_H=''
HAVE_SYS_INTTYPES_H=''
HAVE_SYS_LOADAVG_H=''
HAVE_SYS_PARAM_H=''
HAVE_SYS_TYPES_H=''
HAVE_UNISTD_H=''
HAVE_UNLINKAT=''
HAVE_UNLOCKPT=''
HAVE_USLEEP=''
HAVE_VASPRINTF=''
HAVE_VDPRINTF=''
HAVE_WCHAR_H=''
HAVE_WCHAR_T=''
HAVE_WCPCPY=''
HAVE_WCPNCPY=''
HAVE_WCRTOMB=''
HAVE_WCSCASECMP=''
HAVE_WCSCAT=''
HAVE_WCSCHR=''
HAVE_WCSCMP=''
HAVE_WCSCOLL=''
HAVE_WCSCPY=''
HAVE_WCSCSPN=''
HAVE_WCSDUP=''
HAVE_WCSFTIME=''
HAVE_WCSLEN=''
HAVE_WCSNCASECMP=''
HAVE_WCSNCAT=''
HAVE_WCSNCMP=''
HAVE_WCSNCPY=''
HAVE_WCSNLEN=''
HAVE_WCSNRTOMBS=''
HAVE_WCSPBRK=''
HAVE_WCSRCHR=''
HAVE_WCSRTOMBS=''
HAVE_WCSSPN=''
HAVE_WCSSTR=''
HAVE_WCSTOK=''
HAVE_WCSWIDTH=''
HAVE_WCSXFRM=''
HAVE_WINSOCK2_H=''
HAVE_WINT_T=''
HAVE_WMEMCHR=''
HAVE_WMEMCMP=''
HAVE_WMEMCPY=''
HAVE_WMEMMOVE=''
HAVE_WMEMPCPY=''
HAVE_WMEMSET=''
HAVE__EXIT=''
INCLUDE_NEXT=''
INCLUDE_NEXT_AS_FIRST_DIRECTIVE=''
INSTALL_DATA='${INSTALL} -m 644'
INSTALL_PROGRAM='${INSTALL}'
INSTALL_SCRIPT='${INSTALL}'
INSTALL_STRIP_PROGRAM='$(install_sh) -c -s'
INT32_MAX_LT_INTMAX_MAX=''
INT64_MAX_EQ_LONG_MAX=''
LC_COLLATE_IMPLEMENTED=''
LC_MONETARY_IMPLEMENTED=''
LC_NUMERIC_IMPLEMENTED=''
LC_TIME_IMPLEMENTED=''
LD='/Applications/Xcode.app/Contents/Developer/Toolchains/XcodeDefault.xctoolchain/usr/bin/ld'
LDFLAGS='-L/opt/homebrew/opt/ruby/lib'
LIBINTL=''
LIBOBJS=''
LIBS=''
LIBTOOL='$(SHELL) $(top_builddir)/libtool'
LIMITS_H=''
LIPO='lipo'
LN_S='ln -s'
LOCALE_FR_UTF8=''
LOCALE_JA=''
LOCALE_ZH_CN=''
LTALLOCA=''
LTLIBINTL=''
LTLIBOBJS=''
LT_SYS_LIBRARY_PATH=''
MAINT='#'
MAINTAINER_MODE_FALSE=''
MAINTAINER_MODE_TRUE='#'
MAKEINFO='${SHELL} '\''/Users/sedwards/source/Personal/libargp/src/build-aux/missing'\'' makeinfo'
MANIFEST_TOOL=':'
MKDIR_P='/opt/homebrew/bin/gmkdir -p'
NEXT_ASSERT_H=''
NEXT_AS_FIRST_DIRECTIVE_ASSERT_H=''
NEXT_AS_FIRST_DIRECTIVE_ERRNO_H=''
NEXT_AS_FIRST_DIRECTIVE_FLOAT_H=''
NEXT_AS_FIRST_DIRECTIVE_GETOPT_H=''
NEXT_AS_FIRST_DIRECTIVE_INTTYPES_H=''
NEXT_AS_FIRST_DIRECTIVE_LIMITS_H=''
NEXT_AS_FIRST_DIRECTIVE_STDDEF_H=''
NEXT_AS_FIRST_DIRECTIVE_STDINT_H=''
NEXT_AS_FIRST_DIRECTIVE_STDIO_H=''
NEXT_AS_FIRST_DIRECTIVE_STDLIB_H=''
NEXT_AS_FIRST_DIRECTIVE_STRINGS_H=''
NEXT_AS_FIRST_DIRECTIVE_STRING_H=''
NEXT_AS_FIRST_DIRECTIVE_SYSEXITS_H=''
NEXT_AS_FIRST_DIRECTIVE_SYS_TYPES_H=''
NEXT_AS_FIRST_DIRECTIVE_UNISTD_H=''
NEXT_AS_FIRST_DIRECTIVE_WCHAR_H=''
NEXT_ERRNO_H=''
NEXT_FLOAT_H=''
NEXT_GETOPT_H=''
NEXT_INTTYPES_H=''
NEXT_LIMITS_H=''
NEXT_STDDEF_H=''
NEXT_STDINT_H=''
NEXT_STDIO_H=''
NEXT_STDLIB_H=''
NEXT_STRINGS_H=''
NEXT_STRING_H=''
NEXT_SYSEXITS_H=''
NEXT_SYS_TYPES_H=''
NEXT_UNISTD_H=''
NEXT_WCHAR_H=''
NM='/usr/bin/nm -B'
NMEDIT='nmedit'
OBJDUMP='objdump'
OBJEXT='o'
OTOOL64=':'
OTOOL='otool'
PACKAGE='dummy'
PACKAGE_BUGREPORT=''
PACKAGE_NAME='dummy'
PACKAGE_STRING='dummy 0'
PACKAGE_TARNAME='dummy'
PACKAGE_URL=''
PACKAGE_VERSION='0'
PATH_SEPARATOR=':'
PRAGMA_COLUMNS=''
PRAGMA_SYSTEM_HEADER=''
PRIPTR_PREFIX=''
PTRDIFF_T_SUFFIX=''
RANLIB='ranlib'
REPLACE_ACCESS=''
REPLACE_ALIGNED_ALLOC=''
REPLACE_BTOWC=''
REPLACE_CALLOC_FOR_CALLOC_GNU=''
REPLACE_CALLOC_FOR_CALLOC_POSIX=''
REPLACE_CANONICALIZE_FILE_NAME=''
REPLACE_CHOWN=''
REPLACE_CLOSE=''
REPLACE_COPY_FILE_RANGE=''
REPLACE_DPRINTF=''
REPLACE_DUP2=''
REPLACE_DUP3=''
REPLACE_DUP=''
REPLACE_EXECL=''
REPLACE_EXECLE=''
REPLACE_EXECLP=''
REPLACE_EXECV=''
REPLACE_EXECVE=''
REPLACE_EXECVP=''
REPLACE_EXECVPE=''
REPLACE_FACCESSAT=''
REPLACE_FCHOWNAT=''
REPLACE_FCLOSE=''
REPLACE_FDATASYNC=''
REPLACE_FDOPEN=''
REPLACE_FFLUSH=''
REPLACE_FFSLL=''
REPLACE_FOPEN=''
REPLACE_FOPEN_FOR_FOPEN_GNU=''
REPLACE_FPRINTF=''
REPLACE_FPURGE=''
REPLACE_FREE=''
REPLACE_FREOPEN=''
REPLACE_FSEEK=''
REPLACE_FSEEKO=''
REPLACE_FTELL=''
REPLACE_FTELLO=''
REPLACE_FTRUNCATE=''
REPLACE_GETCWD=''
REPLACE_GETDELIM=''
REPLACE_GETDOMAINNAME=''
REPLACE_GETDTABLESIZE=''
REPLACE_GETENTROPY=''
REPLACE_GETGROUPS=''
REPLACE_GETLINE=''
REPLACE_GETLOADAVG=''
REPLACE_GETLOGIN_R=''
REPLACE_GETPAGESIZE=''
REPLACE_GETPASS=''
REPLACE_GETPASS_FOR_GETPASS_GNU=''
REPLACE_GETPROGNAME=''
REPLACE_GETSUBOPT=''
REPLACE_IMAXABS=''
REPLACE_IMAXDIV=''
REPLACE_INITSTATE=''
REPLACE_ISATTY=''
REPLACE_ITOLD=''
REPLACE_LCHOWN=''
REPLACE_LINK=''
REPLACE_LINKAT=''
REPLACE_LSEEK=''
REPLACE_MALLOC_FOR_MALLOC_GNU=''
REPLACE_MALLOC_FOR_MALLOC_POSIX=''
REPLACE_MBRLEN=''
REPLACE_MBRTOWC=''
REPLACE_MBSINIT=''
REPLACE_MBSNRTOWCS=''
REPLACE_MBSRTOWCS=''
REPLACE_MBSTATE_T=''
REPLACE_MBSTOWCS=''
REPLACE_MBTOWC=''
REPLACE_MB_CUR_MAX=''
REPLACE_MEMCHR=''
REPLACE_MEMMEM=''
REPLACE_MEMPCPY=''
REPLACE_MKOSTEMP=''
REPLACE_MKOSTEMPS=''
REPLACE_MKSTEMP=''
REPLACE_NULL=''
REPLACE_OBSTACK_PRINTF=''
REPLACE_PERROR=''
REPLACE_PIPE2=''
REPLACE_POPEN=''
REPLACE_POSIX_MEMALIGN=''
REPLACE_POSIX_OPENPT=''
REPLACE_PREAD=''
REPLACE_PRINTF=''
REPLACE_PTSNAME=''
REPLACE_PTSNAME_R=''
REPLACE_PUTENV=''
REPLACE_PWRITE=''
REPLACE_QSORT_R=''
REPLACE_RANDOM=''
REPLACE_RANDOM_R=''
REPLACE_READ=''
REPLACE_READLINK=''
REPLACE_READLINKAT=''
REPLACE_REALLOCARRAY=''
REPLACE_REALLOC_FOR_REALLOC_GNU=''
REPLACE_REALLOC_FOR_REALLOC_POSIX=''
REPLACE_REALPATH=''
REPLACE_REMOVE=''
REPLACE_RENAME=''
REPLACE_RENAMEAT=''
REPLACE_RMDIR=''
REPLACE_SETENV=''
REPLACE_SETHOSTNAME=''
REPLACE_SETSTATE=''
REPLACE_SLEEP=''
REPLACE_SNPRINTF=''
REPLACE_SPRINTF=''
REPLACE_STDIO_READ_FUNCS=''
REPLACE_STDIO_WRITE_FUNCS=''
REPLACE_STPCPY=''
REPLACE_STPNCPY=''
REPLACE_STRCASESTR=''
REPLACE_STRCHRNUL=''
REPLACE_STRDUP=''
REPLACE_STRERROR=''
REPLACE_STRERRORNAME_NP=''
REPLACE_STRERROR_R=''
REPLACE_STRNCAT=''
REPLACE_STRNDUP=''
REPLACE_STRNLEN=''
REPLACE_STRSIGNAL=''
REPLACE_STRSTR=''
REPLACE_STRTOD=''
REPLACE_STRTOIMAX=''
REPLACE_STRTOK_R=''
REPLACE_STRTOL=''
REPLACE_STRTOLD=''
REPLACE_STRTOLL=''
REPLACE_STRTOUL=''
REPLACE_STRTOULL=''
REPLACE_STRTOUMAX=''
REPLACE_SYMLINK=''
REPLACE_SYMLINKAT=''
REPLACE_TMPFILE=''
REPLACE_TRUNCATE=''
REPLACE_TTYNAME_R=''
REPLACE_UNLINK=''
REPLACE_UNLINKAT=''
REPLACE_UNSETENV=''
REPLACE_USLEEP=''
REPLACE_VASPRINTF=''
REPLACE_VDPRINTF=''
REPLACE_VFPRINTF=''
REPLACE_VPRINTF=''
REPLACE_VSNPRINTF=''
REPLACE_VSPRINTF=''
REPLACE_WCRTOMB=''
REPLACE_WCSCMP=''
REPLACE_WCSFTIME=''
REPLACE_WCSNCMP=''
REPLACE_WCSNRTOMBS=''
REPLACE_WCSRTOMBS=''
REPLACE_WCSSTR=''
REPLACE_WCSTOK=''
REPLACE_WCSWIDTH=''
REPLACE_WCTOB=''
REPLACE_WCTOMB=''
REPLACE_WCWIDTH=''
REPLACE_WMEMCMP=''
REPLACE_WMEMPCPY=''
REPLACE_WRITE=''
REPLACE__EXIT=''
SED='/opt/homebrew/bin/gsed'
SET_MAKE=''
SHELL='/bin/sh'
SIG_ATOMIC_T_SUFFIX=''
SIZE_T_SUFFIX=''
STDDEF_H=''
STDINT_H=''
STRIP='strip'
SYSEXITS_H=''
UINT32_MAX_LT_UINTMAX_MAX=''
UINT64_MAX_EQ_ULONG_MAX=''
UNDEFINE_STRTOK_R=''
UNISTD_H_HAVE_SYS_RANDOM_H=''
UNISTD_H_HAVE_WINSOCK2_H=''
UNISTD_H_HAVE_WINSOCK2_H_AND_USE_SOCKETS=''
VERSION='0'
WCHAR_T_SUFFIX=''
WINDOWS_64_BIT_OFF_T=''
WINDOWS_STAT_INODES=''
WINT_T_SUFFIX=''
ac_ct_AR='ar'
ac_ct_CC='/usr/bin/gcc'
ac_ct_CXX='g++'
ac_ct_DUMPBIN=''
am__EXEEXT_FALSE=''
am__EXEEXT_TRUE=''
am__fastdepCC_FALSE='#'
am__fastdepCC_TRUE=''
am__fastdepCXX_FALSE='#'
am__fastdepCXX_TRUE=''
am__include='include'
am__isrc=' -I$(srcdir)'
am__leading_dot='.'
am__nodep='_no'
am__quote=''
am__tar='$${TAR-tar} chof - "$$tardir"'
am__untar='$${TAR-tar} xf -'
bindir='${exec_prefix}/bin'
build='aarch64-apple-darwin23.6.0'
build_alias=''
build_cpu='aarch64'
build_os='darwin23.6.0'
build_vendor='apple'
datadir='${datarootdir}'
datarootdir='${prefix}/share'
docdir='${datarootdir}/doc/${PACKAGE_TARNAME}'
dvidir='${docdir}'
exec_prefix='NONE'
gl_LIBOBJDEPS=''
gl_LIBOBJS=''
gl_LTLIBOBJS=''
host='aarch64-apple-darwin23.6.0'
host_alias=''
host_cpu='aarch64'
host_os='darwin23.6.0'
host_vendor='apple'
htmldir='${docdir}'
includedir='${prefix}/include'
infodir='${datarootdir}/info'
install_sh='${SHELL} /Users/sedwards/source/Personal/libargp/src/build-aux/install-sh'
libdir='${exec_prefix}/lib'
libexecdir='${exec_prefix}/libexec'
localedir='${datarootdir}/locale'
localstatedir='${prefix}/var'
mandir='${datarootdir}/man'
mkdir_p='$(MKDIR_P)'
oldincludedir='/usr/include'
pdfdir='${docdir}'
prefix='NONE'
program_transform_name='s,x,x,'
psdir='${docdir}'
runstatedir='${localstatedir}/run'
sbindir='${exec_prefix}/sbin'
sharedstatedir='${prefix}/com'
sysconfdir='${prefix}/etc'
target_alias=''

## ----------- ##
## confdefs.h. ##
## ----------- ##

/* confdefs.h */
#define PACKAGE_NAME "dummy"
#define PACKAGE_TARNAME "dummy"
#define PACKAGE_VERSION "0"
#define PACKAGE_STRING "dummy 0"
#define PACKAGE_BUGREPORT ""
#define PACKAGE_URL ""
#define PACKAGE "dummy"
#define VERSION "0"
#define HAVE_STDIO_H 1
#define HAVE_STDLIB_H 1
#define HAVE_STRING_H 1
#define HAVE_INTTYPES_H 1
#define HAVE_STDINT_H 1
#define HAVE_STRINGS_H 1
#define HAVE_SYS_STAT_H 1
#define HAVE_SYS_TYPES_H 1
#define HAVE_UNISTD_H 1
#define HAVE_WCHAR_H 1
#define HAVE_GETOPT_H 1
#define HAVE_SYS_CDEFS_H 1
#define HAVE_LIMITS_H 1
#define HAVE_SYS_MMAN_H 1
#define HAVE_STDBOOL_H 1
#define HAVE_SYS_SOCKET_H 1
#define HAVE_SYSEXITS_H 1
#define STDC_HEADERS 1
#define _ALL_SOURCE 1
#define _DARWIN_C_SOURCE 1
#define _GNU_SOURCE 1
#define _HPUX_ALT_XOPEN_SOCKET_API 1
#define _NETBSD_SOURCE 1
#define _OPENBSD_SOURCE 1
#define _POSIX_PTHREAD_SEMANTICS 1
#define __STDC_WANT_IEC_60559_ATTRIBS_EXT__ 1
#define __STDC_WANT_IEC_60559_BFP_EXT__ 1
#define __STDC_WANT_IEC_60559_DFP_EXT__ 1
#define __STDC_WANT_IEC_60559_EXT__ 1
#define __STDC_WANT_IEC_60559_FUNCS_EXT__ 1
#define __STDC_WANT_IEC_60559_TYPES_EXT__ 1
#define __STDC_WANT_LIB_EXT2__ 1
#define __STDC_WANT_MATH_SPEC_FUNCS__ 1
#define _TANDEM_SOURCE 1
#define __EXTENSIONS__ 1
#define __USE_MINGW_ANSI_STDIO 1
#define HAVE_DLFCN_H 1
#define LT_OBJDIR ".libs/"
#define HAVE_ALLOCA_H 1
#define HAVE_ALLOCA 1
#define restrict __restrict__
#define HAVE_DECL_CLEARERR_UNLOCKED 1
#define HAVE_DECL_FEOF_UNLOCKED 1
#define HAVE_DECL_FERROR_UNLOCKED 1

configure: caught signal 2
configure: exit 1
